2024-11-15 00:13:17,684 [Worker-5: Loading available Gradle versions] INFO  o.e.b.c.i.u.g.PublishedGradleVersions - Gradle version information cache is out-of-date. Trying to update.
2024-11-15 14:08:03,442 [Worker-2: Loading available Gradle versions] INFO  o.e.b.c.i.u.g.PublishedGradleVersions - Gradle version information cache is up-to-date. Trying to read.
2024-11-15 14:11:36,118 [ModalContext] INFO  o.e.m.c.i.e.AbstractTransferListenerAdapter - Downloading https://repo.maven.apache.org/maven2/org/apache/maven/archetypes/maven-archetype-quickstart/1.5/maven-archetype-quickstart-1.5.pom
2024-11-15 14:11:36,131 [ModalContext] INFO  o.e.m.c.i.e.AbstractTransferListenerAdapter - Downloaded https://repo.maven.apache.org/maven2/org/apache/maven/archetypes/maven-archetype-quickstart/1.5/maven-archetype-quickstart-1.5.pom
2024-11-15 14:11:36,159 [ModalContext] INFO  o.e.m.c.i.e.AbstractTransferListenerAdapter - Downloading https://repo.maven.apache.org/maven2/org/apache/maven/archetypes/maven-archetype-bundles/1.5/maven-archetype-bundles-1.5.pom
2024-11-15 14:11:36,170 [ModalContext] INFO  o.e.m.c.i.e.AbstractTransferListenerAdapter - Downloaded https://repo.maven.apache.org/maven2/org/apache/maven/archetypes/maven-archetype-bundles/1.5/maven-archetype-bundles-1.5.pom
2024-11-15 14:11:36,183 [ModalContext] INFO  o.e.m.c.i.e.AbstractTransferListenerAdapter - Downloading https://repo.maven.apache.org/maven2/org/apache/maven/maven-parent/43/maven-parent-43.pom
2024-11-15 14:11:36,194 [ModalContext] INFO  o.e.m.c.i.e.AbstractTransferListenerAdapter - Downloaded https://repo.maven.apache.org/maven2/org/apache/maven/maven-parent/43/maven-parent-43.pom
2024-11-15 14:11:36,211 [ModalContext] INFO  o.e.m.c.i.e.AbstractTransferListenerAdapter - Downloading https://repo.maven.apache.org/maven2/org/apache/apache/33/apache-33.pom
2024-11-15 14:11:36,218 [ModalContext] INFO  o.e.m.c.i.e.AbstractTransferListenerAdapter - Downloaded https://repo.maven.apache.org/maven2/org/apache/apache/33/apache-33.pom
2024-11-15 14:11:36,245 [ModalContext] INFO  o.e.m.c.i.e.AbstractTransferListenerAdapter - Downloading https://repo.maven.apache.org/maven2/org/junit/junit-bom/5.10.3/junit-bom-5.10.3.pom
2024-11-15 14:11:36,250 [ModalContext] INFO  o.e.m.c.i.e.AbstractTransferListenerAdapter - Downloaded https://repo.maven.apache.org/maven2/org/junit/junit-bom/5.10.3/junit-bom-5.10.3.pom
2024-11-15 14:11:36,264 [ModalContext] INFO  o.e.m.c.i.e.AbstractTransferListenerAdapter - Downloading https://repo.maven.apache.org/maven2/org/apache/maven/archetypes/maven-archetype-quickstart/1.5/maven-archetype-quickstart-1.5.jar
2024-11-15 14:11:36,269 [ModalContext] INFO  o.e.m.c.i.e.AbstractTransferListenerAdapter - Downloaded https://repo.maven.apache.org/maven2/org/apache/maven/archetypes/maven-archetype-quickstart/1.5/maven-archetype-quickstart-1.5.jar
2024-11-15 14:12:06,582 [Worker-9: Launching mavenrun-a6a8e8ca-bbab-44fd-82fc-df0b09e65ff2] INFO  o.eclipse.m2e.core.internal.Bundles - getClasspathEntries(Bundle=org.eclipse.m2e.maven.runtime_3.9.900.20240824-1409 [297])
2024-11-15 14:12:06,584 [Worker-9: Launching mavenrun-a6a8e8ca-bbab-44fd-82fc-df0b09e65ff2] INFO  o.eclipse.m2e.core.internal.Bundles - 	Entry: C:\Users\raufu\.p2\pool\plugins\org.eclipse.m2e.maven.runtime_3.9.900.20240824-1409
2024-11-15 14:12:06,585 [Worker-9: Launching mavenrun-a6a8e8ca-bbab-44fd-82fc-df0b09e65ff2] INFO  o.eclipse.m2e.core.internal.Bundles - 	Entry: C:\Users\raufu\.p2\pool\plugins\org.eclipse.m2e.maven.runtime_3.9.900.20240824-1409\jars\aopalliance-1.0.jar
2024-11-15 14:12:06,585 [Worker-9: Launching mavenrun-a6a8e8ca-bbab-44fd-82fc-df0b09e65ff2] INFO  o.eclipse.m2e.core.internal.Bundles - 	Entry: C:\Users\raufu\.p2\pool\plugins\org.eclipse.m2e.maven.runtime_3.9.900.20240824-1409\jars\guice-5.1.0.jar
2024-11-15 14:12:06,585 [Worker-9: Launching mavenrun-a6a8e8ca-bbab-44fd-82fc-df0b09e65ff2] INFO  o.eclipse.m2e.core.internal.Bundles - 	Entry: C:\Users\raufu\.p2\pool\plugins\org.eclipse.m2e.maven.runtime_3.9.900.20240824-1409\jars\httpclient-4.5.14.jar
2024-11-15 14:12:06,585 [Worker-9: Launching mavenrun-a6a8e8ca-bbab-44fd-82fc-df0b09e65ff2] INFO  o.eclipse.m2e.core.internal.Bundles - 	Entry: C:\Users\raufu\.p2\pool\plugins\org.eclipse.m2e.maven.runtime_3.9.900.20240824-1409\jars\httpcore-4.4.16.jar
2024-11-15 14:12:06,586 [Worker-9: Launching mavenrun-a6a8e8ca-bbab-44fd-82fc-df0b09e65ff2] INFO  o.eclipse.m2e.core.internal.Bundles - 	Entry: C:\Users\raufu\.p2\pool\plugins\org.eclipse.m2e.maven.runtime_3.9.900.20240824-1409\jars\jansi-2.4.1.jar
2024-11-15 14:12:06,586 [Worker-9: Launching mavenrun-a6a8e8ca-bbab-44fd-82fc-df0b09e65ff2] INFO  o.eclipse.m2e.core.internal.Bundles - 	Entry: C:\Users\raufu\.p2\pool\plugins\org.eclipse.m2e.maven.runtime_3.9.900.20240824-1409\jars\jcl-over-slf4j-1.7.36.jar
2024-11-15 14:12:06,586 [Worker-9: Launching mavenrun-a6a8e8ca-bbab-44fd-82fc-df0b09e65ff2] INFO  o.eclipse.m2e.core.internal.Bundles - 	Entry: C:\Users\raufu\.p2\pool\plugins\org.eclipse.m2e.maven.runtime_3.9.900.20240824-1409\jars\maven-artifact-3.9.9.jar
2024-11-15 14:12:06,586 [Worker-9: Launching mavenrun-a6a8e8ca-bbab-44fd-82fc-df0b09e65ff2] INFO  o.eclipse.m2e.core.internal.Bundles - 	Entry: C:\Users\raufu\.p2\pool\plugins\org.eclipse.m2e.maven.runtime_3.9.900.20240824-1409\jars\maven-builder-support-3.9.9.jar
2024-11-15 14:12:06,586 [Worker-9: Launching mavenrun-a6a8e8ca-bbab-44fd-82fc-df0b09e65ff2] INFO  o.eclipse.m2e.core.internal.Bundles - 	Entry: C:\Users\raufu\.p2\pool\plugins\org.eclipse.m2e.maven.runtime_3.9.900.20240824-1409\jars\maven-compat-3.9.9.jar
2024-11-15 14:12:06,587 [Worker-9: Launching mavenrun-a6a8e8ca-bbab-44fd-82fc-df0b09e65ff2] INFO  o.eclipse.m2e.core.internal.Bundles - 	Entry: C:\Users\raufu\.p2\pool\plugins\org.eclipse.m2e.maven.runtime_3.9.900.20240824-1409\jars\maven-core-3.9.9.jar
2024-11-15 14:12:06,587 [Worker-9: Launching mavenrun-a6a8e8ca-bbab-44fd-82fc-df0b09e65ff2] INFO  o.eclipse.m2e.core.internal.Bundles - 	Entry: C:\Users\raufu\.p2\pool\plugins\org.eclipse.m2e.maven.runtime_3.9.900.20240824-1409\jars\maven-embedder-3.9.9.jar
2024-11-15 14:12:06,587 [Worker-9: Launching mavenrun-a6a8e8ca-bbab-44fd-82fc-df0b09e65ff2] INFO  o.eclipse.m2e.core.internal.Bundles - 	Entry: C:\Users\raufu\.p2\pool\plugins\org.eclipse.m2e.maven.runtime_3.9.900.20240824-1409\jars\maven-model-3.9.9.jar
2024-11-15 14:12:06,587 [Worker-9: Launching mavenrun-a6a8e8ca-bbab-44fd-82fc-df0b09e65ff2] INFO  o.eclipse.m2e.core.internal.Bundles - 	Entry: C:\Users\raufu\.p2\pool\plugins\org.eclipse.m2e.maven.runtime_3.9.900.20240824-1409\jars\maven-model-builder-3.9.9.jar
2024-11-15 14:12:06,588 [Worker-9: Launching mavenrun-a6a8e8ca-bbab-44fd-82fc-df0b09e65ff2] INFO  o.eclipse.m2e.core.internal.Bundles - 	Entry: C:\Users\raufu\.p2\pool\plugins\org.eclipse.m2e.maven.runtime_3.9.900.20240824-1409\jars\maven-plugin-api-3.9.9.jar
2024-11-15 14:12:06,588 [Worker-9: Launching mavenrun-a6a8e8ca-bbab-44fd-82fc-df0b09e65ff2] INFO  o.eclipse.m2e.core.internal.Bundles - 	Entry: C:\Users\raufu\.p2\pool\plugins\org.eclipse.m2e.maven.runtime_3.9.900.20240824-1409\jars\maven-repository-metadata-3.9.9.jar
2024-11-15 14:12:06,588 [Worker-9: Launching mavenrun-a6a8e8ca-bbab-44fd-82fc-df0b09e65ff2] INFO  o.eclipse.m2e.core.internal.Bundles - 	Entry: C:\Users\raufu\.p2\pool\plugins\org.eclipse.m2e.maven.runtime_3.9.900.20240824-1409\jars\maven-resolver-api-1.9.22.jar
2024-11-15 14:12:06,588 [Worker-9: Launching mavenrun-a6a8e8ca-bbab-44fd-82fc-df0b09e65ff2] INFO  o.eclipse.m2e.core.internal.Bundles - 	Entry: C:\Users\raufu\.p2\pool\plugins\org.eclipse.m2e.maven.runtime_3.9.900.20240824-1409\jars\maven-resolver-connector-basic-1.9.22.jar
2024-11-15 14:12:06,588 [Worker-9: Launching mavenrun-a6a8e8ca-bbab-44fd-82fc-df0b09e65ff2] INFO  o.eclipse.m2e.core.internal.Bundles - 	Entry: C:\Users\raufu\.p2\pool\plugins\org.eclipse.m2e.maven.runtime_3.9.900.20240824-1409\jars\maven-resolver-impl-1.9.22.jar
2024-11-15 14:12:06,589 [Worker-9: Launching mavenrun-a6a8e8ca-bbab-44fd-82fc-df0b09e65ff2] INFO  o.eclipse.m2e.core.internal.Bundles - 	Entry: C:\Users\raufu\.p2\pool\plugins\org.eclipse.m2e.maven.runtime_3.9.900.20240824-1409\jars\maven-resolver-named-locks-1.9.22.jar
2024-11-15 14:12:06,589 [Worker-9: Launching mavenrun-a6a8e8ca-bbab-44fd-82fc-df0b09e65ff2] INFO  o.eclipse.m2e.core.internal.Bundles - 	Entry: C:\Users\raufu\.p2\pool\plugins\org.eclipse.m2e.maven.runtime_3.9.900.20240824-1409\jars\maven-resolver-provider-3.9.9.jar
2024-11-15 14:12:06,589 [Worker-9: Launching mavenrun-a6a8e8ca-bbab-44fd-82fc-df0b09e65ff2] INFO  o.eclipse.m2e.core.internal.Bundles - 	Entry: C:\Users\raufu\.p2\pool\plugins\org.eclipse.m2e.maven.runtime_3.9.900.20240824-1409\jars\maven-resolver-spi-1.9.22.jar
2024-11-15 14:12:06,589 [Worker-9: Launching mavenrun-a6a8e8ca-bbab-44fd-82fc-df0b09e65ff2] INFO  o.eclipse.m2e.core.internal.Bundles - 	Entry: C:\Users\raufu\.p2\pool\plugins\org.eclipse.m2e.maven.runtime_3.9.900.20240824-1409\jars\maven-resolver-transport-file-1.9.22.jar
2024-11-15 14:12:06,590 [Worker-9: Launching mavenrun-a6a8e8ca-bbab-44fd-82fc-df0b09e65ff2] INFO  o.eclipse.m2e.core.internal.Bundles - 	Entry: C:\Users\raufu\.p2\pool\plugins\org.eclipse.m2e.maven.runtime_3.9.900.20240824-1409\jars\maven-resolver-transport-http-1.9.22.jar
2024-11-15 14:12:06,590 [Worker-9: Launching mavenrun-a6a8e8ca-bbab-44fd-82fc-df0b09e65ff2] INFO  o.eclipse.m2e.core.internal.Bundles - 	Entry: C:\Users\raufu\.p2\pool\plugins\org.eclipse.m2e.maven.runtime_3.9.900.20240824-1409\jars\maven-resolver-transport-wagon-1.9.22.jar
2024-11-15 14:12:06,590 [Worker-9: Launching mavenrun-a6a8e8ca-bbab-44fd-82fc-df0b09e65ff2] INFO  o.eclipse.m2e.core.internal.Bundles - 	Entry: C:\Users\raufu\.p2\pool\plugins\org.eclipse.m2e.maven.runtime_3.9.900.20240824-1409\jars\maven-resolver-util-1.9.22.jar
2024-11-15 14:12:06,590 [Worker-9: Launching mavenrun-a6a8e8ca-bbab-44fd-82fc-df0b09e65ff2] INFO  o.eclipse.m2e.core.internal.Bundles - 	Entry: C:\Users\raufu\.p2\pool\plugins\org.eclipse.m2e.maven.runtime_3.9.900.20240824-1409\jars\maven-settings-3.9.9.jar
2024-11-15 14:12:06,591 [Worker-9: Launching mavenrun-a6a8e8ca-bbab-44fd-82fc-df0b09e65ff2] INFO  o.eclipse.m2e.core.internal.Bundles - 	Entry: C:\Users\raufu\.p2\pool\plugins\org.eclipse.m2e.maven.runtime_3.9.900.20240824-1409\jars\maven-settings-builder-3.9.9.jar
2024-11-15 14:12:06,591 [Worker-9: Launching mavenrun-a6a8e8ca-bbab-44fd-82fc-df0b09e65ff2] INFO  o.eclipse.m2e.core.internal.Bundles - 	Entry: C:\Users\raufu\.p2\pool\plugins\org.eclipse.m2e.maven.runtime_3.9.900.20240824-1409\jars\maven-shared-utils-3.4.2.jar
2024-11-15 14:12:06,591 [Worker-9: Launching mavenrun-a6a8e8ca-bbab-44fd-82fc-df0b09e65ff2] INFO  o.eclipse.m2e.core.internal.Bundles - 	Entry: C:\Users\raufu\.p2\pool\plugins\org.eclipse.m2e.maven.runtime_3.9.900.20240824-1409\jars\org.eclipse.sisu.inject-0.9.0.M3.jar
2024-11-15 14:12:06,591 [Worker-9: Launching mavenrun-a6a8e8ca-bbab-44fd-82fc-df0b09e65ff2] INFO  o.eclipse.m2e.core.internal.Bundles - 	Entry: C:\Users\raufu\.p2\pool\plugins\org.eclipse.m2e.maven.runtime_3.9.900.20240824-1409\jars\org.eclipse.sisu.plexus-0.9.0.M3.jar
2024-11-15 14:12:06,591 [Worker-9: Launching mavenrun-a6a8e8ca-bbab-44fd-82fc-df0b09e65ff2] INFO  o.eclipse.m2e.core.internal.Bundles - 	Entry: C:\Users\raufu\.p2\pool\plugins\org.eclipse.m2e.maven.runtime_3.9.900.20240824-1409\jars\plexus-build-api-0.0.7.jar
2024-11-15 14:12:06,592 [Worker-9: Launching mavenrun-a6a8e8ca-bbab-44fd-82fc-df0b09e65ff2] INFO  o.eclipse.m2e.core.internal.Bundles - 	Entry: C:\Users\raufu\.p2\pool\plugins\org.eclipse.m2e.maven.runtime_3.9.900.20240824-1409\jars\plexus-build-api-1.2.0.jar
2024-11-15 14:12:06,592 [Worker-9: Launching mavenrun-a6a8e8ca-bbab-44fd-82fc-df0b09e65ff2] INFO  o.eclipse.m2e.core.internal.Bundles - 	Entry: C:\Users\raufu\.p2\pool\plugins\org.eclipse.m2e.maven.runtime_3.9.900.20240824-1409\jars\plexus-cipher-2.0.jar
2024-11-15 14:12:06,592 [Worker-9: Launching mavenrun-a6a8e8ca-bbab-44fd-82fc-df0b09e65ff2] INFO  o.eclipse.m2e.core.internal.Bundles - 	Entry: C:\Users\raufu\.p2\pool\plugins\org.eclipse.m2e.maven.runtime_3.9.900.20240824-1409\jars\plexus-classworlds-2.8.0.jar
2024-11-15 14:12:06,592 [Worker-9: Launching mavenrun-a6a8e8ca-bbab-44fd-82fc-df0b09e65ff2] INFO  o.eclipse.m2e.core.internal.Bundles - 	Entry: C:\Users\raufu\.p2\pool\plugins\org.eclipse.m2e.maven.runtime_3.9.900.20240824-1409\jars\plexus-component-annotations-2.1.0.jar
2024-11-15 14:12:06,592 [Worker-9: Launching mavenrun-a6a8e8ca-bbab-44fd-82fc-df0b09e65ff2] INFO  o.eclipse.m2e.core.internal.Bundles - 	Entry: C:\Users\raufu\.p2\pool\plugins\org.eclipse.m2e.maven.runtime_3.9.900.20240824-1409\jars\plexus-interpolation-1.27.jar
2024-11-15 14:12:06,593 [Worker-9: Launching mavenrun-a6a8e8ca-bbab-44fd-82fc-df0b09e65ff2] INFO  o.eclipse.m2e.core.internal.Bundles - 	Entry: C:\Users\raufu\.p2\pool\plugins\org.eclipse.m2e.maven.runtime_3.9.900.20240824-1409\jars\plexus-sec-dispatcher-2.0.jar
2024-11-15 14:12:06,593 [Worker-9: Launching mavenrun-a6a8e8ca-bbab-44fd-82fc-df0b09e65ff2] INFO  o.eclipse.m2e.core.internal.Bundles - 	Entry: C:\Users\raufu\.p2\pool\plugins\org.eclipse.m2e.maven.runtime_3.9.900.20240824-1409\jars\plexus-utils-3.5.1.jar
2024-11-15 14:12:06,593 [Worker-9: Launching mavenrun-a6a8e8ca-bbab-44fd-82fc-df0b09e65ff2] INFO  o.eclipse.m2e.core.internal.Bundles - 	Entry: C:\Users\raufu\.p2\pool\plugins\org.eclipse.m2e.maven.runtime_3.9.900.20240824-1409\jars\plexus-xml-3.0.1.jar
2024-11-15 14:12:06,593 [Worker-9: Launching mavenrun-a6a8e8ca-bbab-44fd-82fc-df0b09e65ff2] INFO  o.eclipse.m2e.core.internal.Bundles - 	Entry: C:\Users\raufu\.p2\pool\plugins\org.eclipse.m2e.maven.runtime_3.9.900.20240824-1409\jars\wagon-file-3.5.3.jar
2024-11-15 14:12:06,594 [Worker-9: Launching mavenrun-a6a8e8ca-bbab-44fd-82fc-df0b09e65ff2] INFO  o.eclipse.m2e.core.internal.Bundles - 	Entry: C:\Users\raufu\.p2\pool\plugins\org.eclipse.m2e.maven.runtime_3.9.900.20240824-1409\jars\wagon-http-3.5.3.jar
2024-11-15 14:12:06,594 [Worker-9: Launching mavenrun-a6a8e8ca-bbab-44fd-82fc-df0b09e65ff2] INFO  o.eclipse.m2e.core.internal.Bundles - 	Entry: C:\Users\raufu\.p2\pool\plugins\org.eclipse.m2e.maven.runtime_3.9.900.20240824-1409\jars\wagon-http-shared-3.5.3.jar
2024-11-15 14:12:06,594 [Worker-9: Launching mavenrun-a6a8e8ca-bbab-44fd-82fc-df0b09e65ff2] INFO  o.eclipse.m2e.core.internal.Bundles - 	Entry: C:\Users\raufu\.p2\pool\plugins\org.eclipse.m2e.maven.runtime_3.9.900.20240824-1409\jars\wagon-provider-api-3.5.3.jar
2024-11-15 14:12:06,595 [Worker-9: Launching mavenrun-a6a8e8ca-bbab-44fd-82fc-df0b09e65ff2] INFO  o.eclipse.m2e.core.internal.Bundles - getClasspathEntries(Bundle=com.google.guava_33.3.0.jre [10])
2024-11-15 14:12:06,596 [Worker-9: Launching mavenrun-a6a8e8ca-bbab-44fd-82fc-df0b09e65ff2] INFO  o.eclipse.m2e.core.internal.Bundles - 	Entry: C:\Users\raufu\.p2\pool\plugins\com.google.guava_33.3.0.jre.jar
2024-11-15 14:12:06,596 [Worker-9: Launching mavenrun-a6a8e8ca-bbab-44fd-82fc-df0b09e65ff2] INFO  o.eclipse.m2e.core.internal.Bundles - getClasspathEntries(Bundle=slf4j.api_2.0.16 [519])
2024-11-15 14:12:06,596 [Worker-9: Launching mavenrun-a6a8e8ca-bbab-44fd-82fc-df0b09e65ff2] INFO  o.eclipse.m2e.core.internal.Bundles - 	Entry: C:\Users\raufu\.p2\pool\plugins\slf4j.api_2.0.16.jar
2024-11-15 14:12:06,596 [Worker-9: Launching mavenrun-a6a8e8ca-bbab-44fd-82fc-df0b09e65ff2] INFO  o.eclipse.m2e.core.internal.Bundles - getClasspathEntries(Bundle=jakarta.inject.jakarta.inject-api_1.0.5 [22])
2024-11-15 14:12:06,597 [Worker-9: Launching mavenrun-a6a8e8ca-bbab-44fd-82fc-df0b09e65ff2] INFO  o.eclipse.m2e.core.internal.Bundles - 	Entry: C:\Users\raufu\.p2\pool\plugins\jakarta.inject.jakarta.inject-api_1.0.5.jar
2024-11-15 14:12:06,597 [Worker-9: Launching mavenrun-a6a8e8ca-bbab-44fd-82fc-df0b09e65ff2] INFO  o.eclipse.m2e.core.internal.Bundles - getClasspathEntries(Bundle=jakarta.annotation-api_1.3.5 [20])
2024-11-15 14:12:06,598 [Worker-9: Launching mavenrun-a6a8e8ca-bbab-44fd-82fc-df0b09e65ff2] INFO  o.eclipse.m2e.core.internal.Bundles - 	Entry: C:\Users\raufu\.p2\pool\plugins\jakarta.annotation-api_1.3.5.jar
2024-11-15 14:12:06,598 [Worker-9: Launching mavenrun-a6a8e8ca-bbab-44fd-82fc-df0b09e65ff2] INFO  o.eclipse.m2e.core.internal.Bundles - getClasspathEntries(Bundle=org.apache.commons.cli_1.9.0 [47])
2024-11-15 14:12:06,599 [Worker-9: Launching mavenrun-a6a8e8ca-bbab-44fd-82fc-df0b09e65ff2] INFO  o.eclipse.m2e.core.internal.Bundles - 	Entry: C:\Users\raufu\.p2\pool\plugins\org.apache.commons.cli_1.9.0.jar
2024-11-15 14:12:06,599 [Worker-9: Launching mavenrun-a6a8e8ca-bbab-44fd-82fc-df0b09e65ff2] INFO  o.eclipse.m2e.core.internal.Bundles - getClasspathEntries(Bundle=org.apache.commons.commons-codec_1.16.0 [50])
2024-11-15 14:12:06,600 [Worker-9: Launching mavenrun-a6a8e8ca-bbab-44fd-82fc-df0b09e65ff2] INFO  o.eclipse.m2e.core.internal.Bundles - 	Entry: C:\Users\raufu\.p2\pool\plugins\org.apache.commons.commons-codec_1.16.0.jar
2024-11-15 14:12:06,600 [Worker-9: Launching mavenrun-a6a8e8ca-bbab-44fd-82fc-df0b09e65ff2] INFO  o.eclipse.m2e.core.internal.Bundles - getClasspathEntries(Bundle=com.google.guava.failureaccess_1.0.2 [11])
2024-11-15 14:12:06,600 [Worker-9: Launching mavenrun-a6a8e8ca-bbab-44fd-82fc-df0b09e65ff2] INFO  o.eclipse.m2e.core.internal.Bundles - 	Entry: C:\Users\raufu\.p2\pool\plugins\com.google.guava.failureaccess_1.0.2.jar
2024-11-15 14:12:06,605 [Worker-9: Launching mavenrun-a6a8e8ca-bbab-44fd-82fc-df0b09e65ff2] INFO  o.e.m.i.launch.MavenLaunchDelegate - Run build in "C:\Users\raufu\AppData\Local\Temp\m2e-archetypeGenerator13165989319998610637":
2024-11-15 14:12:06,608 [Worker-9: Launching mavenrun-a6a8e8ca-bbab-44fd-82fc-df0b09e65ff2] INFO  o.e.m.i.launch.MavenLaunchDelegate -  mvn  -DjavaCompilerVersion=17 -DjunitVersion=5.11.0 -DarchetypeGroupId=org.apache.maven.archetypes -DarchetypeArtifactId=maven-archetype-quickstart -DarchetypeVersion=1.5 -DgroupId=1 -DartifactId=1 -Dversion=0.0.1-SNAPSHOT -Dpackage= -DoutputDirectory=D:\eclipse-workspace -Dstyle.color=always -U archetype:generate
2024-11-15 14:28:40,234 [Worker-5: Loading available Gradle versions] INFO  o.e.b.c.i.u.g.PublishedGradleVersions - Gradle version information cache is up-to-date. Trying to read.
2024-11-15 14:29:25,763 [Worker-3: Launching mavenrun-ccaf8834-0ee0-48d0-8516-aae6374a20f6] INFO  o.eclipse.m2e.core.internal.Bundles - getClasspathEntries(Bundle=org.eclipse.m2e.maven.runtime_3.9.900.20240824-1409 [297])
2024-11-15 14:29:25,765 [Worker-3: Launching mavenrun-ccaf8834-0ee0-48d0-8516-aae6374a20f6] INFO  o.eclipse.m2e.core.internal.Bundles - 	Entry: C:\Users\raufu\.p2\pool\plugins\org.eclipse.m2e.maven.runtime_3.9.900.20240824-1409
2024-11-15 14:29:25,766 [Worker-3: Launching mavenrun-ccaf8834-0ee0-48d0-8516-aae6374a20f6] INFO  o.eclipse.m2e.core.internal.Bundles - 	Entry: C:\Users\raufu\.p2\pool\plugins\org.eclipse.m2e.maven.runtime_3.9.900.20240824-1409\jars\aopalliance-1.0.jar
2024-11-15 14:29:25,766 [Worker-3: Launching mavenrun-ccaf8834-0ee0-48d0-8516-aae6374a20f6] INFO  o.eclipse.m2e.core.internal.Bundles - 	Entry: C:\Users\raufu\.p2\pool\plugins\org.eclipse.m2e.maven.runtime_3.9.900.20240824-1409\jars\guice-5.1.0.jar
2024-11-15 14:29:25,766 [Worker-3: Launching mavenrun-ccaf8834-0ee0-48d0-8516-aae6374a20f6] INFO  o.eclipse.m2e.core.internal.Bundles - 	Entry: C:\Users\raufu\.p2\pool\plugins\org.eclipse.m2e.maven.runtime_3.9.900.20240824-1409\jars\httpclient-4.5.14.jar
2024-11-15 14:29:25,767 [Worker-3: Launching mavenrun-ccaf8834-0ee0-48d0-8516-aae6374a20f6] INFO  o.eclipse.m2e.core.internal.Bundles - 	Entry: C:\Users\raufu\.p2\pool\plugins\org.eclipse.m2e.maven.runtime_3.9.900.20240824-1409\jars\httpcore-4.4.16.jar
2024-11-15 14:29:25,767 [Worker-3: Launching mavenrun-ccaf8834-0ee0-48d0-8516-aae6374a20f6] INFO  o.eclipse.m2e.core.internal.Bundles - 	Entry: C:\Users\raufu\.p2\pool\plugins\org.eclipse.m2e.maven.runtime_3.9.900.20240824-1409\jars\jansi-2.4.1.jar
2024-11-15 14:29:25,767 [Worker-3: Launching mavenrun-ccaf8834-0ee0-48d0-8516-aae6374a20f6] INFO  o.eclipse.m2e.core.internal.Bundles - 	Entry: C:\Users\raufu\.p2\pool\plugins\org.eclipse.m2e.maven.runtime_3.9.900.20240824-1409\jars\jcl-over-slf4j-1.7.36.jar
2024-11-15 14:29:25,767 [Worker-3: Launching mavenrun-ccaf8834-0ee0-48d0-8516-aae6374a20f6] INFO  o.eclipse.m2e.core.internal.Bundles - 	Entry: C:\Users\raufu\.p2\pool\plugins\org.eclipse.m2e.maven.runtime_3.9.900.20240824-1409\jars\maven-artifact-3.9.9.jar
2024-11-15 14:29:25,768 [Worker-3: Launching mavenrun-ccaf8834-0ee0-48d0-8516-aae6374a20f6] INFO  o.eclipse.m2e.core.internal.Bundles - 	Entry: C:\Users\raufu\.p2\pool\plugins\org.eclipse.m2e.maven.runtime_3.9.900.20240824-1409\jars\maven-builder-support-3.9.9.jar
2024-11-15 14:29:25,768 [Worker-3: Launching mavenrun-ccaf8834-0ee0-48d0-8516-aae6374a20f6] INFO  o.eclipse.m2e.core.internal.Bundles - 	Entry: C:\Users\raufu\.p2\pool\plugins\org.eclipse.m2e.maven.runtime_3.9.900.20240824-1409\jars\maven-compat-3.9.9.jar
2024-11-15 14:29:25,768 [Worker-3: Launching mavenrun-ccaf8834-0ee0-48d0-8516-aae6374a20f6] INFO  o.eclipse.m2e.core.internal.Bundles - 	Entry: C:\Users\raufu\.p2\pool\plugins\org.eclipse.m2e.maven.runtime_3.9.900.20240824-1409\jars\maven-core-3.9.9.jar
2024-11-15 14:29:25,769 [Worker-3: Launching mavenrun-ccaf8834-0ee0-48d0-8516-aae6374a20f6] INFO  o.eclipse.m2e.core.internal.Bundles - 	Entry: C:\Users\raufu\.p2\pool\plugins\org.eclipse.m2e.maven.runtime_3.9.900.20240824-1409\jars\maven-embedder-3.9.9.jar
2024-11-15 14:29:25,769 [Worker-3: Launching mavenrun-ccaf8834-0ee0-48d0-8516-aae6374a20f6] INFO  o.eclipse.m2e.core.internal.Bundles - 	Entry: C:\Users\raufu\.p2\pool\plugins\org.eclipse.m2e.maven.runtime_3.9.900.20240824-1409\jars\maven-model-3.9.9.jar
2024-11-15 14:29:25,769 [Worker-3: Launching mavenrun-ccaf8834-0ee0-48d0-8516-aae6374a20f6] INFO  o.eclipse.m2e.core.internal.Bundles - 	Entry: C:\Users\raufu\.p2\pool\plugins\org.eclipse.m2e.maven.runtime_3.9.900.20240824-1409\jars\maven-model-builder-3.9.9.jar
2024-11-15 14:29:25,769 [Worker-3: Launching mavenrun-ccaf8834-0ee0-48d0-8516-aae6374a20f6] INFO  o.eclipse.m2e.core.internal.Bundles - 	Entry: C:\Users\raufu\.p2\pool\plugins\org.eclipse.m2e.maven.runtime_3.9.900.20240824-1409\jars\maven-plugin-api-3.9.9.jar
2024-11-15 14:29:25,769 [Worker-3: Launching mavenrun-ccaf8834-0ee0-48d0-8516-aae6374a20f6] INFO  o.eclipse.m2e.core.internal.Bundles - 	Entry: C:\Users\raufu\.p2\pool\plugins\org.eclipse.m2e.maven.runtime_3.9.900.20240824-1409\jars\maven-repository-metadata-3.9.9.jar
2024-11-15 14:29:25,769 [Worker-3: Launching mavenrun-ccaf8834-0ee0-48d0-8516-aae6374a20f6] INFO  o.eclipse.m2e.core.internal.Bundles - 	Entry: C:\Users\raufu\.p2\pool\plugins\org.eclipse.m2e.maven.runtime_3.9.900.20240824-1409\jars\maven-resolver-api-1.9.22.jar
2024-11-15 14:29:25,770 [Worker-3: Launching mavenrun-ccaf8834-0ee0-48d0-8516-aae6374a20f6] INFO  o.eclipse.m2e.core.internal.Bundles - 	Entry: C:\Users\raufu\.p2\pool\plugins\org.eclipse.m2e.maven.runtime_3.9.900.20240824-1409\jars\maven-resolver-connector-basic-1.9.22.jar
2024-11-15 14:29:25,770 [Worker-3: Launching mavenrun-ccaf8834-0ee0-48d0-8516-aae6374a20f6] INFO  o.eclipse.m2e.core.internal.Bundles - 	Entry: C:\Users\raufu\.p2\pool\plugins\org.eclipse.m2e.maven.runtime_3.9.900.20240824-1409\jars\maven-resolver-impl-1.9.22.jar
2024-11-15 14:29:25,770 [Worker-3: Launching mavenrun-ccaf8834-0ee0-48d0-8516-aae6374a20f6] INFO  o.eclipse.m2e.core.internal.Bundles - 	Entry: C:\Users\raufu\.p2\pool\plugins\org.eclipse.m2e.maven.runtime_3.9.900.20240824-1409\jars\maven-resolver-named-locks-1.9.22.jar
2024-11-15 14:29:25,770 [Worker-3: Launching mavenrun-ccaf8834-0ee0-48d0-8516-aae6374a20f6] INFO  o.eclipse.m2e.core.internal.Bundles - 	Entry: C:\Users\raufu\.p2\pool\plugins\org.eclipse.m2e.maven.runtime_3.9.900.20240824-1409\jars\maven-resolver-provider-3.9.9.jar
2024-11-15 14:29:25,770 [Worker-3: Launching mavenrun-ccaf8834-0ee0-48d0-8516-aae6374a20f6] INFO  o.eclipse.m2e.core.internal.Bundles - 	Entry: C:\Users\raufu\.p2\pool\plugins\org.eclipse.m2e.maven.runtime_3.9.900.20240824-1409\jars\maven-resolver-spi-1.9.22.jar
2024-11-15 14:29:25,771 [Worker-3: Launching mavenrun-ccaf8834-0ee0-48d0-8516-aae6374a20f6] INFO  o.eclipse.m2e.core.internal.Bundles - 	Entry: C:\Users\raufu\.p2\pool\plugins\org.eclipse.m2e.maven.runtime_3.9.900.20240824-1409\jars\maven-resolver-transport-file-1.9.22.jar
2024-11-15 14:29:25,771 [Worker-3: Launching mavenrun-ccaf8834-0ee0-48d0-8516-aae6374a20f6] INFO  o.eclipse.m2e.core.internal.Bundles - 	Entry: C:\Users\raufu\.p2\pool\plugins\org.eclipse.m2e.maven.runtime_3.9.900.20240824-1409\jars\maven-resolver-transport-http-1.9.22.jar
2024-11-15 14:29:25,771 [Worker-3: Launching mavenrun-ccaf8834-0ee0-48d0-8516-aae6374a20f6] INFO  o.eclipse.m2e.core.internal.Bundles - 	Entry: C:\Users\raufu\.p2\pool\plugins\org.eclipse.m2e.maven.runtime_3.9.900.20240824-1409\jars\maven-resolver-transport-wagon-1.9.22.jar
2024-11-15 14:29:25,771 [Worker-3: Launching mavenrun-ccaf8834-0ee0-48d0-8516-aae6374a20f6] INFO  o.eclipse.m2e.core.internal.Bundles - 	Entry: C:\Users\raufu\.p2\pool\plugins\org.eclipse.m2e.maven.runtime_3.9.900.20240824-1409\jars\maven-resolver-util-1.9.22.jar
2024-11-15 14:29:25,771 [Worker-3: Launching mavenrun-ccaf8834-0ee0-48d0-8516-aae6374a20f6] INFO  o.eclipse.m2e.core.internal.Bundles - 	Entry: C:\Users\raufu\.p2\pool\plugins\org.eclipse.m2e.maven.runtime_3.9.900.20240824-1409\jars\maven-settings-3.9.9.jar
2024-11-15 14:29:25,772 [Worker-3: Launching mavenrun-ccaf8834-0ee0-48d0-8516-aae6374a20f6] INFO  o.eclipse.m2e.core.internal.Bundles - 	Entry: C:\Users\raufu\.p2\pool\plugins\org.eclipse.m2e.maven.runtime_3.9.900.20240824-1409\jars\maven-settings-builder-3.9.9.jar
2024-11-15 14:29:25,772 [Worker-3: Launching mavenrun-ccaf8834-0ee0-48d0-8516-aae6374a20f6] INFO  o.eclipse.m2e.core.internal.Bundles - 	Entry: C:\Users\raufu\.p2\pool\plugins\org.eclipse.m2e.maven.runtime_3.9.900.20240824-1409\jars\maven-shared-utils-3.4.2.jar
2024-11-15 14:29:25,772 [Worker-3: Launching mavenrun-ccaf8834-0ee0-48d0-8516-aae6374a20f6] INFO  o.eclipse.m2e.core.internal.Bundles - 	Entry: C:\Users\raufu\.p2\pool\plugins\org.eclipse.m2e.maven.runtime_3.9.900.20240824-1409\jars\org.eclipse.sisu.inject-0.9.0.M3.jar
2024-11-15 14:29:25,772 [Worker-3: Launching mavenrun-ccaf8834-0ee0-48d0-8516-aae6374a20f6] INFO  o.eclipse.m2e.core.internal.Bundles - 	Entry: C:\Users\raufu\.p2\pool\plugins\org.eclipse.m2e.maven.runtime_3.9.900.20240824-1409\jars\org.eclipse.sisu.plexus-0.9.0.M3.jar
2024-11-15 14:29:25,772 [Worker-3: Launching mavenrun-ccaf8834-0ee0-48d0-8516-aae6374a20f6] INFO  o.eclipse.m2e.core.internal.Bundles - 	Entry: C:\Users\raufu\.p2\pool\plugins\org.eclipse.m2e.maven.runtime_3.9.900.20240824-1409\jars\plexus-build-api-0.0.7.jar
2024-11-15 14:29:25,773 [Worker-3: Launching mavenrun-ccaf8834-0ee0-48d0-8516-aae6374a20f6] INFO  o.eclipse.m2e.core.internal.Bundles - 	Entry: C:\Users\raufu\.p2\pool\plugins\org.eclipse.m2e.maven.runtime_3.9.900.20240824-1409\jars\plexus-build-api-1.2.0.jar
2024-11-15 14:29:25,773 [Worker-3: Launching mavenrun-ccaf8834-0ee0-48d0-8516-aae6374a20f6] INFO  o.eclipse.m2e.core.internal.Bundles - 	Entry: C:\Users\raufu\.p2\pool\plugins\org.eclipse.m2e.maven.runtime_3.9.900.20240824-1409\jars\plexus-cipher-2.0.jar
2024-11-15 14:29:25,773 [Worker-3: Launching mavenrun-ccaf8834-0ee0-48d0-8516-aae6374a20f6] INFO  o.eclipse.m2e.core.internal.Bundles - 	Entry: C:\Users\raufu\.p2\pool\plugins\org.eclipse.m2e.maven.runtime_3.9.900.20240824-1409\jars\plexus-classworlds-2.8.0.jar
2024-11-15 14:29:25,773 [Worker-3: Launching mavenrun-ccaf8834-0ee0-48d0-8516-aae6374a20f6] INFO  o.eclipse.m2e.core.internal.Bundles - 	Entry: C:\Users\raufu\.p2\pool\plugins\org.eclipse.m2e.maven.runtime_3.9.900.20240824-1409\jars\plexus-component-annotations-2.1.0.jar
2024-11-15 14:29:25,773 [Worker-3: Launching mavenrun-ccaf8834-0ee0-48d0-8516-aae6374a20f6] INFO  o.eclipse.m2e.core.internal.Bundles - 	Entry: C:\Users\raufu\.p2\pool\plugins\org.eclipse.m2e.maven.runtime_3.9.900.20240824-1409\jars\plexus-interpolation-1.27.jar
2024-11-15 14:29:25,774 [Worker-3: Launching mavenrun-ccaf8834-0ee0-48d0-8516-aae6374a20f6] INFO  o.eclipse.m2e.core.internal.Bundles - 	Entry: C:\Users\raufu\.p2\pool\plugins\org.eclipse.m2e.maven.runtime_3.9.900.20240824-1409\jars\plexus-sec-dispatcher-2.0.jar
2024-11-15 14:29:25,774 [Worker-3: Launching mavenrun-ccaf8834-0ee0-48d0-8516-aae6374a20f6] INFO  o.eclipse.m2e.core.internal.Bundles - 	Entry: C:\Users\raufu\.p2\pool\plugins\org.eclipse.m2e.maven.runtime_3.9.900.20240824-1409\jars\plexus-utils-3.5.1.jar
2024-11-15 14:29:25,774 [Worker-3: Launching mavenrun-ccaf8834-0ee0-48d0-8516-aae6374a20f6] INFO  o.eclipse.m2e.core.internal.Bundles - 	Entry: C:\Users\raufu\.p2\pool\plugins\org.eclipse.m2e.maven.runtime_3.9.900.20240824-1409\jars\plexus-xml-3.0.1.jar
2024-11-15 14:29:25,775 [Worker-3: Launching mavenrun-ccaf8834-0ee0-48d0-8516-aae6374a20f6] INFO  o.eclipse.m2e.core.internal.Bundles - 	Entry: C:\Users\raufu\.p2\pool\plugins\org.eclipse.m2e.maven.runtime_3.9.900.20240824-1409\jars\wagon-file-3.5.3.jar
2024-11-15 14:29:25,775 [Worker-3: Launching mavenrun-ccaf8834-0ee0-48d0-8516-aae6374a20f6] INFO  o.eclipse.m2e.core.internal.Bundles - 	Entry: C:\Users\raufu\.p2\pool\plugins\org.eclipse.m2e.maven.runtime_3.9.900.20240824-1409\jars\wagon-http-3.5.3.jar
2024-11-15 14:29:25,775 [Worker-3: Launching mavenrun-ccaf8834-0ee0-48d0-8516-aae6374a20f6] INFO  o.eclipse.m2e.core.internal.Bundles - 	Entry: C:\Users\raufu\.p2\pool\plugins\org.eclipse.m2e.maven.runtime_3.9.900.20240824-1409\jars\wagon-http-shared-3.5.3.jar
2024-11-15 14:29:25,775 [Worker-3: Launching mavenrun-ccaf8834-0ee0-48d0-8516-aae6374a20f6] INFO  o.eclipse.m2e.core.internal.Bundles - 	Entry: C:\Users\raufu\.p2\pool\plugins\org.eclipse.m2e.maven.runtime_3.9.900.20240824-1409\jars\wagon-provider-api-3.5.3.jar
2024-11-15 14:29:25,777 [Worker-3: Launching mavenrun-ccaf8834-0ee0-48d0-8516-aae6374a20f6] INFO  o.eclipse.m2e.core.internal.Bundles - getClasspathEntries(Bundle=com.google.guava_33.3.0.jre [10])
2024-11-15 14:29:25,778 [Worker-3: Launching mavenrun-ccaf8834-0ee0-48d0-8516-aae6374a20f6] INFO  o.eclipse.m2e.core.internal.Bundles - 	Entry: C:\Users\raufu\.p2\pool\plugins\com.google.guava_33.3.0.jre.jar
2024-11-15 14:29:25,778 [Worker-3: Launching mavenrun-ccaf8834-0ee0-48d0-8516-aae6374a20f6] INFO  o.eclipse.m2e.core.internal.Bundles - getClasspathEntries(Bundle=slf4j.api_2.0.16 [519])
2024-11-15 14:29:25,778 [Worker-3: Launching mavenrun-ccaf8834-0ee0-48d0-8516-aae6374a20f6] INFO  o.eclipse.m2e.core.internal.Bundles - 	Entry: C:\Users\raufu\.p2\pool\plugins\slf4j.api_2.0.16.jar
2024-11-15 14:29:25,778 [Worker-3: Launching mavenrun-ccaf8834-0ee0-48d0-8516-aae6374a20f6] INFO  o.eclipse.m2e.core.internal.Bundles - getClasspathEntries(Bundle=jakarta.inject.jakarta.inject-api_1.0.5 [22])
2024-11-15 14:29:25,779 [Worker-3: Launching mavenrun-ccaf8834-0ee0-48d0-8516-aae6374a20f6] INFO  o.eclipse.m2e.core.internal.Bundles - 	Entry: C:\Users\raufu\.p2\pool\plugins\jakarta.inject.jakarta.inject-api_1.0.5.jar
2024-11-15 14:29:25,779 [Worker-3: Launching mavenrun-ccaf8834-0ee0-48d0-8516-aae6374a20f6] INFO  o.eclipse.m2e.core.internal.Bundles - getClasspathEntries(Bundle=jakarta.annotation-api_1.3.5 [20])
2024-11-15 14:29:25,779 [Worker-3: Launching mavenrun-ccaf8834-0ee0-48d0-8516-aae6374a20f6] INFO  o.eclipse.m2e.core.internal.Bundles - 	Entry: C:\Users\raufu\.p2\pool\plugins\jakarta.annotation-api_1.3.5.jar
2024-11-15 14:29:25,779 [Worker-3: Launching mavenrun-ccaf8834-0ee0-48d0-8516-aae6374a20f6] INFO  o.eclipse.m2e.core.internal.Bundles - getClasspathEntries(Bundle=org.apache.commons.cli_1.9.0 [47])
2024-11-15 14:29:25,780 [Worker-3: Launching mavenrun-ccaf8834-0ee0-48d0-8516-aae6374a20f6] INFO  o.eclipse.m2e.core.internal.Bundles - 	Entry: C:\Users\raufu\.p2\pool\plugins\org.apache.commons.cli_1.9.0.jar
2024-11-15 14:29:25,780 [Worker-3: Launching mavenrun-ccaf8834-0ee0-48d0-8516-aae6374a20f6] INFO  o.eclipse.m2e.core.internal.Bundles - getClasspathEntries(Bundle=org.apache.commons.commons-codec_1.16.0 [50])
2024-11-15 14:29:25,780 [Worker-3: Launching mavenrun-ccaf8834-0ee0-48d0-8516-aae6374a20f6] INFO  o.eclipse.m2e.core.internal.Bundles - 	Entry: C:\Users\raufu\.p2\pool\plugins\org.apache.commons.commons-codec_1.16.0.jar
2024-11-15 14:29:25,780 [Worker-3: Launching mavenrun-ccaf8834-0ee0-48d0-8516-aae6374a20f6] INFO  o.eclipse.m2e.core.internal.Bundles - getClasspathEntries(Bundle=com.google.guava.failureaccess_1.0.2 [11])
2024-11-15 14:29:25,781 [Worker-3: Launching mavenrun-ccaf8834-0ee0-48d0-8516-aae6374a20f6] INFO  o.eclipse.m2e.core.internal.Bundles - 	Entry: C:\Users\raufu\.p2\pool\plugins\com.google.guava.failureaccess_1.0.2.jar
2024-11-15 14:29:25,785 [Worker-3: Launching mavenrun-ccaf8834-0ee0-48d0-8516-aae6374a20f6] INFO  o.e.m.i.launch.MavenLaunchDelegate - Run build in "C:\Users\raufu\AppData\Local\Temp\m2e-archetypeGenerator11054342248695254334":
2024-11-15 14:29:25,789 [Worker-3: Launching mavenrun-ccaf8834-0ee0-48d0-8516-aae6374a20f6] INFO  o.e.m.i.launch.MavenLaunchDelegate -  mvn  -DjavaCompilerVersion=17 -DjunitVersion=5.11.0 -DarchetypeGroupId=org.apache.maven.archetypes -DarchetypeArtifactId=maven-archetype-quickstart -DarchetypeVersion=1.5 -DgroupId=1 -DartifactId=1 -Dversion=0.0.1-SNAPSHOT -Dpackage= -DoutputDirectory=D:\eclipse-workspace -Dstyle.color=always -U archetype:generate
2024-11-15 15:27:58,605 [Worker-14: Launching mavenrun-0ac1ef36-85b1-43c3-9452-16336cf6d0c9] INFO  o.eclipse.m2e.core.internal.Bundles - getClasspathEntries(Bundle=org.eclipse.m2e.maven.runtime_3.9.900.20240824-1409 [297])
2024-11-15 15:27:58,612 [Worker-14: Launching mavenrun-0ac1ef36-85b1-43c3-9452-16336cf6d0c9] INFO  o.eclipse.m2e.core.internal.Bundles - 	Entry: C:\Users\raufu\.p2\pool\plugins\org.eclipse.m2e.maven.runtime_3.9.900.20240824-1409
2024-11-15 15:27:58,613 [Worker-14: Launching mavenrun-0ac1ef36-85b1-43c3-9452-16336cf6d0c9] INFO  o.eclipse.m2e.core.internal.Bundles - 	Entry: C:\Users\raufu\.p2\pool\plugins\org.eclipse.m2e.maven.runtime_3.9.900.20240824-1409\jars\aopalliance-1.0.jar
2024-11-15 15:27:58,614 [Worker-14: Launching mavenrun-0ac1ef36-85b1-43c3-9452-16336cf6d0c9] INFO  o.eclipse.m2e.core.internal.Bundles - 	Entry: C:\Users\raufu\.p2\pool\plugins\org.eclipse.m2e.maven.runtime_3.9.900.20240824-1409\jars\guice-5.1.0.jar
2024-11-15 15:27:58,615 [Worker-14: Launching mavenrun-0ac1ef36-85b1-43c3-9452-16336cf6d0c9] INFO  o.eclipse.m2e.core.internal.Bundles - 	Entry: C:\Users\raufu\.p2\pool\plugins\org.eclipse.m2e.maven.runtime_3.9.900.20240824-1409\jars\httpclient-4.5.14.jar
2024-11-15 15:27:58,615 [Worker-14: Launching mavenrun-0ac1ef36-85b1-43c3-9452-16336cf6d0c9] INFO  o.eclipse.m2e.core.internal.Bundles - 	Entry: C:\Users\raufu\.p2\pool\plugins\org.eclipse.m2e.maven.runtime_3.9.900.20240824-1409\jars\httpcore-4.4.16.jar
2024-11-15 15:27:58,616 [Worker-14: Launching mavenrun-0ac1ef36-85b1-43c3-9452-16336cf6d0c9] INFO  o.eclipse.m2e.core.internal.Bundles - 	Entry: C:\Users\raufu\.p2\pool\plugins\org.eclipse.m2e.maven.runtime_3.9.900.20240824-1409\jars\jansi-2.4.1.jar
2024-11-15 15:27:58,616 [Worker-14: Launching mavenrun-0ac1ef36-85b1-43c3-9452-16336cf6d0c9] INFO  o.eclipse.m2e.core.internal.Bundles - 	Entry: C:\Users\raufu\.p2\pool\plugins\org.eclipse.m2e.maven.runtime_3.9.900.20240824-1409\jars\jcl-over-slf4j-1.7.36.jar
2024-11-15 15:27:58,617 [Worker-14: Launching mavenrun-0ac1ef36-85b1-43c3-9452-16336cf6d0c9] INFO  o.eclipse.m2e.core.internal.Bundles - 	Entry: C:\Users\raufu\.p2\pool\plugins\org.eclipse.m2e.maven.runtime_3.9.900.20240824-1409\jars\maven-artifact-3.9.9.jar
2024-11-15 15:27:58,617 [Worker-14: Launching mavenrun-0ac1ef36-85b1-43c3-9452-16336cf6d0c9] INFO  o.eclipse.m2e.core.internal.Bundles - 	Entry: C:\Users\raufu\.p2\pool\plugins\org.eclipse.m2e.maven.runtime_3.9.900.20240824-1409\jars\maven-builder-support-3.9.9.jar
2024-11-15 15:27:58,618 [Worker-14: Launching mavenrun-0ac1ef36-85b1-43c3-9452-16336cf6d0c9] INFO  o.eclipse.m2e.core.internal.Bundles - 	Entry: C:\Users\raufu\.p2\pool\plugins\org.eclipse.m2e.maven.runtime_3.9.900.20240824-1409\jars\maven-compat-3.9.9.jar
2024-11-15 15:27:58,618 [Worker-14: Launching mavenrun-0ac1ef36-85b1-43c3-9452-16336cf6d0c9] INFO  o.eclipse.m2e.core.internal.Bundles - 	Entry: C:\Users\raufu\.p2\pool\plugins\org.eclipse.m2e.maven.runtime_3.9.900.20240824-1409\jars\maven-core-3.9.9.jar
2024-11-15 15:27:58,619 [Worker-14: Launching mavenrun-0ac1ef36-85b1-43c3-9452-16336cf6d0c9] INFO  o.eclipse.m2e.core.internal.Bundles - 	Entry: C:\Users\raufu\.p2\pool\plugins\org.eclipse.m2e.maven.runtime_3.9.900.20240824-1409\jars\maven-embedder-3.9.9.jar
2024-11-15 15:27:58,620 [Worker-14: Launching mavenrun-0ac1ef36-85b1-43c3-9452-16336cf6d0c9] INFO  o.eclipse.m2e.core.internal.Bundles - 	Entry: C:\Users\raufu\.p2\pool\plugins\org.eclipse.m2e.maven.runtime_3.9.900.20240824-1409\jars\maven-model-3.9.9.jar
2024-11-15 15:27:58,620 [Worker-14: Launching mavenrun-0ac1ef36-85b1-43c3-9452-16336cf6d0c9] INFO  o.eclipse.m2e.core.internal.Bundles - 	Entry: C:\Users\raufu\.p2\pool\plugins\org.eclipse.m2e.maven.runtime_3.9.900.20240824-1409\jars\maven-model-builder-3.9.9.jar
2024-11-15 15:27:58,621 [Worker-14: Launching mavenrun-0ac1ef36-85b1-43c3-9452-16336cf6d0c9] INFO  o.eclipse.m2e.core.internal.Bundles - 	Entry: C:\Users\raufu\.p2\pool\plugins\org.eclipse.m2e.maven.runtime_3.9.900.20240824-1409\jars\maven-plugin-api-3.9.9.jar
2024-11-15 15:27:58,621 [Worker-14: Launching mavenrun-0ac1ef36-85b1-43c3-9452-16336cf6d0c9] INFO  o.eclipse.m2e.core.internal.Bundles - 	Entry: C:\Users\raufu\.p2\pool\plugins\org.eclipse.m2e.maven.runtime_3.9.900.20240824-1409\jars\maven-repository-metadata-3.9.9.jar
2024-11-15 15:27:58,622 [Worker-14: Launching mavenrun-0ac1ef36-85b1-43c3-9452-16336cf6d0c9] INFO  o.eclipse.m2e.core.internal.Bundles - 	Entry: C:\Users\raufu\.p2\pool\plugins\org.eclipse.m2e.maven.runtime_3.9.900.20240824-1409\jars\maven-resolver-api-1.9.22.jar
2024-11-15 15:27:58,623 [Worker-14: Launching mavenrun-0ac1ef36-85b1-43c3-9452-16336cf6d0c9] INFO  o.eclipse.m2e.core.internal.Bundles - 	Entry: C:\Users\raufu\.p2\pool\plugins\org.eclipse.m2e.maven.runtime_3.9.900.20240824-1409\jars\maven-resolver-connector-basic-1.9.22.jar
2024-11-15 15:27:58,624 [Worker-14: Launching mavenrun-0ac1ef36-85b1-43c3-9452-16336cf6d0c9] INFO  o.eclipse.m2e.core.internal.Bundles - 	Entry: C:\Users\raufu\.p2\pool\plugins\org.eclipse.m2e.maven.runtime_3.9.900.20240824-1409\jars\maven-resolver-impl-1.9.22.jar
2024-11-15 15:27:58,625 [Worker-14: Launching mavenrun-0ac1ef36-85b1-43c3-9452-16336cf6d0c9] INFO  o.eclipse.m2e.core.internal.Bundles - 	Entry: C:\Users\raufu\.p2\pool\plugins\org.eclipse.m2e.maven.runtime_3.9.900.20240824-1409\jars\maven-resolver-named-locks-1.9.22.jar
2024-11-15 15:27:58,626 [Worker-14: Launching mavenrun-0ac1ef36-85b1-43c3-9452-16336cf6d0c9] INFO  o.eclipse.m2e.core.internal.Bundles - 	Entry: C:\Users\raufu\.p2\pool\plugins\org.eclipse.m2e.maven.runtime_3.9.900.20240824-1409\jars\maven-resolver-provider-3.9.9.jar
2024-11-15 15:27:58,627 [Worker-14: Launching mavenrun-0ac1ef36-85b1-43c3-9452-16336cf6d0c9] INFO  o.eclipse.m2e.core.internal.Bundles - 	Entry: C:\Users\raufu\.p2\pool\plugins\org.eclipse.m2e.maven.runtime_3.9.900.20240824-1409\jars\maven-resolver-spi-1.9.22.jar
2024-11-15 15:27:58,627 [Worker-14: Launching mavenrun-0ac1ef36-85b1-43c3-9452-16336cf6d0c9] INFO  o.eclipse.m2e.core.internal.Bundles - 	Entry: C:\Users\raufu\.p2\pool\plugins\org.eclipse.m2e.maven.runtime_3.9.900.20240824-1409\jars\maven-resolver-transport-file-1.9.22.jar
2024-11-15 15:27:58,627 [Worker-14: Launching mavenrun-0ac1ef36-85b1-43c3-9452-16336cf6d0c9] INFO  o.eclipse.m2e.core.internal.Bundles - 	Entry: C:\Users\raufu\.p2\pool\plugins\org.eclipse.m2e.maven.runtime_3.9.900.20240824-1409\jars\maven-resolver-transport-http-1.9.22.jar
2024-11-15 15:27:58,628 [Worker-14: Launching mavenrun-0ac1ef36-85b1-43c3-9452-16336cf6d0c9] INFO  o.eclipse.m2e.core.internal.Bundles - 	Entry: C:\Users\raufu\.p2\pool\plugins\org.eclipse.m2e.maven.runtime_3.9.900.20240824-1409\jars\maven-resolver-transport-wagon-1.9.22.jar
2024-11-15 15:27:58,628 [Worker-14: Launching mavenrun-0ac1ef36-85b1-43c3-9452-16336cf6d0c9] INFO  o.eclipse.m2e.core.internal.Bundles - 	Entry: C:\Users\raufu\.p2\pool\plugins\org.eclipse.m2e.maven.runtime_3.9.900.20240824-1409\jars\maven-resolver-util-1.9.22.jar
2024-11-15 15:27:58,629 [Worker-14: Launching mavenrun-0ac1ef36-85b1-43c3-9452-16336cf6d0c9] INFO  o.eclipse.m2e.core.internal.Bundles - 	Entry: C:\Users\raufu\.p2\pool\plugins\org.eclipse.m2e.maven.runtime_3.9.900.20240824-1409\jars\maven-settings-3.9.9.jar
2024-11-15 15:27:58,630 [Worker-14: Launching mavenrun-0ac1ef36-85b1-43c3-9452-16336cf6d0c9] INFO  o.eclipse.m2e.core.internal.Bundles - 	Entry: C:\Users\raufu\.p2\pool\plugins\org.eclipse.m2e.maven.runtime_3.9.900.20240824-1409\jars\maven-settings-builder-3.9.9.jar
2024-11-15 15:27:58,630 [Worker-14: Launching mavenrun-0ac1ef36-85b1-43c3-9452-16336cf6d0c9] INFO  o.eclipse.m2e.core.internal.Bundles - 	Entry: C:\Users\raufu\.p2\pool\plugins\org.eclipse.m2e.maven.runtime_3.9.900.20240824-1409\jars\maven-shared-utils-3.4.2.jar
2024-11-15 15:27:58,631 [Worker-14: Launching mavenrun-0ac1ef36-85b1-43c3-9452-16336cf6d0c9] INFO  o.eclipse.m2e.core.internal.Bundles - 	Entry: C:\Users\raufu\.p2\pool\plugins\org.eclipse.m2e.maven.runtime_3.9.900.20240824-1409\jars\org.eclipse.sisu.inject-0.9.0.M3.jar
2024-11-15 15:27:58,631 [Worker-14: Launching mavenrun-0ac1ef36-85b1-43c3-9452-16336cf6d0c9] INFO  o.eclipse.m2e.core.internal.Bundles - 	Entry: C:\Users\raufu\.p2\pool\plugins\org.eclipse.m2e.maven.runtime_3.9.900.20240824-1409\jars\org.eclipse.sisu.plexus-0.9.0.M3.jar
2024-11-15 15:27:58,631 [Worker-14: Launching mavenrun-0ac1ef36-85b1-43c3-9452-16336cf6d0c9] INFO  o.eclipse.m2e.core.internal.Bundles - 	Entry: C:\Users\raufu\.p2\pool\plugins\org.eclipse.m2e.maven.runtime_3.9.900.20240824-1409\jars\plexus-build-api-0.0.7.jar
2024-11-15 15:27:58,632 [Worker-14: Launching mavenrun-0ac1ef36-85b1-43c3-9452-16336cf6d0c9] INFO  o.eclipse.m2e.core.internal.Bundles - 	Entry: C:\Users\raufu\.p2\pool\plugins\org.eclipse.m2e.maven.runtime_3.9.900.20240824-1409\jars\plexus-build-api-1.2.0.jar
2024-11-15 15:27:58,632 [Worker-14: Launching mavenrun-0ac1ef36-85b1-43c3-9452-16336cf6d0c9] INFO  o.eclipse.m2e.core.internal.Bundles - 	Entry: C:\Users\raufu\.p2\pool\plugins\org.eclipse.m2e.maven.runtime_3.9.900.20240824-1409\jars\plexus-cipher-2.0.jar
2024-11-15 15:27:58,633 [Worker-14: Launching mavenrun-0ac1ef36-85b1-43c3-9452-16336cf6d0c9] INFO  o.eclipse.m2e.core.internal.Bundles - 	Entry: C:\Users\raufu\.p2\pool\plugins\org.eclipse.m2e.maven.runtime_3.9.900.20240824-1409\jars\plexus-classworlds-2.8.0.jar
2024-11-15 15:27:58,633 [Worker-14: Launching mavenrun-0ac1ef36-85b1-43c3-9452-16336cf6d0c9] INFO  o.eclipse.m2e.core.internal.Bundles - 	Entry: C:\Users\raufu\.p2\pool\plugins\org.eclipse.m2e.maven.runtime_3.9.900.20240824-1409\jars\plexus-component-annotations-2.1.0.jar
2024-11-15 15:27:58,633 [Worker-14: Launching mavenrun-0ac1ef36-85b1-43c3-9452-16336cf6d0c9] INFO  o.eclipse.m2e.core.internal.Bundles - 	Entry: C:\Users\raufu\.p2\pool\plugins\org.eclipse.m2e.maven.runtime_3.9.900.20240824-1409\jars\plexus-interpolation-1.27.jar
2024-11-15 15:27:58,634 [Worker-14: Launching mavenrun-0ac1ef36-85b1-43c3-9452-16336cf6d0c9] INFO  o.eclipse.m2e.core.internal.Bundles - 	Entry: C:\Users\raufu\.p2\pool\plugins\org.eclipse.m2e.maven.runtime_3.9.900.20240824-1409\jars\plexus-sec-dispatcher-2.0.jar
2024-11-15 15:27:58,634 [Worker-14: Launching mavenrun-0ac1ef36-85b1-43c3-9452-16336cf6d0c9] INFO  o.eclipse.m2e.core.internal.Bundles - 	Entry: C:\Users\raufu\.p2\pool\plugins\org.eclipse.m2e.maven.runtime_3.9.900.20240824-1409\jars\plexus-utils-3.5.1.jar
2024-11-15 15:27:58,635 [Worker-14: Launching mavenrun-0ac1ef36-85b1-43c3-9452-16336cf6d0c9] INFO  o.eclipse.m2e.core.internal.Bundles - 	Entry: C:\Users\raufu\.p2\pool\plugins\org.eclipse.m2e.maven.runtime_3.9.900.20240824-1409\jars\plexus-xml-3.0.1.jar
2024-11-15 15:27:58,635 [Worker-14: Launching mavenrun-0ac1ef36-85b1-43c3-9452-16336cf6d0c9] INFO  o.eclipse.m2e.core.internal.Bundles - 	Entry: C:\Users\raufu\.p2\pool\plugins\org.eclipse.m2e.maven.runtime_3.9.900.20240824-1409\jars\wagon-file-3.5.3.jar
2024-11-15 15:27:58,636 [Worker-14: Launching mavenrun-0ac1ef36-85b1-43c3-9452-16336cf6d0c9] INFO  o.eclipse.m2e.core.internal.Bundles - 	Entry: C:\Users\raufu\.p2\pool\plugins\org.eclipse.m2e.maven.runtime_3.9.900.20240824-1409\jars\wagon-http-3.5.3.jar
2024-11-15 15:27:58,636 [Worker-14: Launching mavenrun-0ac1ef36-85b1-43c3-9452-16336cf6d0c9] INFO  o.eclipse.m2e.core.internal.Bundles - 	Entry: C:\Users\raufu\.p2\pool\plugins\org.eclipse.m2e.maven.runtime_3.9.900.20240824-1409\jars\wagon-http-shared-3.5.3.jar
2024-11-15 15:27:58,636 [Worker-14: Launching mavenrun-0ac1ef36-85b1-43c3-9452-16336cf6d0c9] INFO  o.eclipse.m2e.core.internal.Bundles - 	Entry: C:\Users\raufu\.p2\pool\plugins\org.eclipse.m2e.maven.runtime_3.9.900.20240824-1409\jars\wagon-provider-api-3.5.3.jar
2024-11-15 15:27:58,637 [Worker-14: Launching mavenrun-0ac1ef36-85b1-43c3-9452-16336cf6d0c9] INFO  o.eclipse.m2e.core.internal.Bundles - getClasspathEntries(Bundle=com.google.guava_33.3.0.jre [10])
2024-11-15 15:27:58,638 [Worker-14: Launching mavenrun-0ac1ef36-85b1-43c3-9452-16336cf6d0c9] INFO  o.eclipse.m2e.core.internal.Bundles - 	Entry: C:\Users\raufu\.p2\pool\plugins\com.google.guava_33.3.0.jre.jar
2024-11-15 15:27:58,638 [Worker-14: Launching mavenrun-0ac1ef36-85b1-43c3-9452-16336cf6d0c9] INFO  o.eclipse.m2e.core.internal.Bundles - getClasspathEntries(Bundle=slf4j.api_2.0.16 [519])
2024-11-15 15:27:58,638 [Worker-14: Launching mavenrun-0ac1ef36-85b1-43c3-9452-16336cf6d0c9] INFO  o.eclipse.m2e.core.internal.Bundles - 	Entry: C:\Users\raufu\.p2\pool\plugins\slf4j.api_2.0.16.jar
2024-11-15 15:27:58,639 [Worker-14: Launching mavenrun-0ac1ef36-85b1-43c3-9452-16336cf6d0c9] INFO  o.eclipse.m2e.core.internal.Bundles - getClasspathEntries(Bundle=jakarta.inject.jakarta.inject-api_1.0.5 [22])
2024-11-15 15:27:58,639 [Worker-14: Launching mavenrun-0ac1ef36-85b1-43c3-9452-16336cf6d0c9] INFO  o.eclipse.m2e.core.internal.Bundles - 	Entry: C:\Users\raufu\.p2\pool\plugins\jakarta.inject.jakarta.inject-api_1.0.5.jar
2024-11-15 15:27:58,639 [Worker-14: Launching mavenrun-0ac1ef36-85b1-43c3-9452-16336cf6d0c9] INFO  o.eclipse.m2e.core.internal.Bundles - getClasspathEntries(Bundle=jakarta.annotation-api_1.3.5 [20])
2024-11-15 15:27:58,640 [Worker-14: Launching mavenrun-0ac1ef36-85b1-43c3-9452-16336cf6d0c9] INFO  o.eclipse.m2e.core.internal.Bundles - 	Entry: C:\Users\raufu\.p2\pool\plugins\jakarta.annotation-api_1.3.5.jar
2024-11-15 15:27:58,640 [Worker-14: Launching mavenrun-0ac1ef36-85b1-43c3-9452-16336cf6d0c9] INFO  o.eclipse.m2e.core.internal.Bundles - getClasspathEntries(Bundle=org.apache.commons.cli_1.9.0 [47])
2024-11-15 15:27:58,641 [Worker-14: Launching mavenrun-0ac1ef36-85b1-43c3-9452-16336cf6d0c9] INFO  o.eclipse.m2e.core.internal.Bundles - 	Entry: C:\Users\raufu\.p2\pool\plugins\org.apache.commons.cli_1.9.0.jar
2024-11-15 15:27:58,641 [Worker-14: Launching mavenrun-0ac1ef36-85b1-43c3-9452-16336cf6d0c9] INFO  o.eclipse.m2e.core.internal.Bundles - getClasspathEntries(Bundle=org.apache.commons.commons-codec_1.16.0 [50])
2024-11-15 15:27:58,642 [Worker-14: Launching mavenrun-0ac1ef36-85b1-43c3-9452-16336cf6d0c9] INFO  o.eclipse.m2e.core.internal.Bundles - 	Entry: C:\Users\raufu\.p2\pool\plugins\org.apache.commons.commons-codec_1.16.0.jar
2024-11-15 15:27:58,642 [Worker-14: Launching mavenrun-0ac1ef36-85b1-43c3-9452-16336cf6d0c9] INFO  o.eclipse.m2e.core.internal.Bundles - getClasspathEntries(Bundle=com.google.guava.failureaccess_1.0.2 [11])
2024-11-15 15:27:58,643 [Worker-14: Launching mavenrun-0ac1ef36-85b1-43c3-9452-16336cf6d0c9] INFO  o.eclipse.m2e.core.internal.Bundles - 	Entry: C:\Users\raufu\.p2\pool\plugins\com.google.guava.failureaccess_1.0.2.jar
2024-11-15 15:27:58,647 [Worker-14: Launching mavenrun-0ac1ef36-85b1-43c3-9452-16336cf6d0c9] INFO  o.e.m.i.launch.MavenLaunchDelegate - Run build in "C:\Users\raufu\AppData\Local\Temp\m2e-archetypeGenerator14237461306957225196":
2024-11-15 15:27:58,647 [Worker-14: Launching mavenrun-0ac1ef36-85b1-43c3-9452-16336cf6d0c9] INFO  o.e.m.i.launch.MavenLaunchDelegate -  mvn  -DjavaCompilerVersion=17 -DjunitVersion=5.11.0 -DarchetypeGroupId=org.apache.maven.archetypes -DarchetypeArtifactId=maven-archetype-quickstart -DarchetypeVersion=1.5 -DgroupId=com.maven_project -DartifactId=se -Dversion=0.0.1-SNAPSHOT -Dpackage=com.maven_project.se -DoutputDirectory=D:\eclipse-workspace -Dstyle.color=always -U archetype:generate
2024-11-15 15:29:18,075 [Worker-5: Creating maven-archetype-quickstart] INFO  o.e.m.c.i.p.ProjectConfigurationManager - Collecting project info '/pom.xml' D:\eclipse-workspace\se\pom.xml
2024-11-15 15:29:19,481 [Worker-5: Creating maven-archetype-quickstart] INFO  o.e.m.c.i.e.AbstractTransferListenerAdapter - Downloading https://repo.maven.apache.org/maven2/org/apache/maven/plugins/maven-clean-plugin/3.4.0/maven-clean-plugin-3.4.0.jar
2024-11-15 15:29:19,502 [Worker-5: Creating maven-archetype-quickstart] INFO  o.e.m.c.i.e.AbstractTransferListenerAdapter - Downloaded https://repo.maven.apache.org/maven2/org/apache/maven/plugins/maven-clean-plugin/3.4.0/maven-clean-plugin-3.4.0.jar
2024-11-15 15:29:19,532 [Worker-5: Creating maven-archetype-quickstart] INFO  o.e.m.c.i.e.AbstractTransferListenerAdapter - Downloading https://repo.maven.apache.org/maven2/org/apache/maven/plugins/maven-compiler-plugin/3.13.0/maven-compiler-plugin-3.13.0.jar
2024-11-15 15:29:19,550 [Worker-5: Creating maven-archetype-quickstart] INFO  o.e.m.c.i.e.AbstractTransferListenerAdapter - Downloaded https://repo.maven.apache.org/maven2/org/apache/maven/plugins/maven-compiler-plugin/3.13.0/maven-compiler-plugin-3.13.0.jar
2024-11-15 15:29:19,569 [Worker-5: Creating maven-archetype-quickstart] INFO  o.e.m.c.i.e.AbstractTransferListenerAdapter - Downloading https://repo.maven.apache.org/maven2/org/apache/maven/plugins/maven-surefire-plugin/3.3.0/maven-surefire-plugin-3.3.0.jar
2024-11-15 15:29:19,579 [Worker-5: Creating maven-archetype-quickstart] INFO  o.e.m.c.i.e.AbstractTransferListenerAdapter - Downloaded https://repo.maven.apache.org/maven2/org/apache/maven/plugins/maven-surefire-plugin/3.3.0/maven-surefire-plugin-3.3.0.jar
2024-11-15 15:29:19,590 [Worker-5: Creating maven-archetype-quickstart] INFO  o.e.m.c.i.e.AbstractTransferListenerAdapter - Downloading https://repo.maven.apache.org/maven2/org/apache/maven/plugins/maven-jar-plugin/3.4.2/maven-jar-plugin-3.4.2.jar
2024-11-15 15:29:19,599 [Worker-5: Creating maven-archetype-quickstart] INFO  o.e.m.c.i.e.AbstractTransferListenerAdapter - Downloaded https://repo.maven.apache.org/maven2/org/apache/maven/plugins/maven-jar-plugin/3.4.2/maven-jar-plugin-3.4.2.jar
2024-11-15 15:29:19,638 [Worker-5: Creating maven-archetype-quickstart] INFO  o.e.m.c.i.e.AbstractTransferListenerAdapter - Downloading https://repo.maven.apache.org/maven2/org/apache/maven/plugins/maven-compiler-plugin/3.13.0/maven-compiler-plugin-3.13.0.pom
2024-11-15 15:29:19,646 [Worker-5: Creating maven-archetype-quickstart] INFO  o.e.m.c.i.e.AbstractTransferListenerAdapter - Downloaded https://repo.maven.apache.org/maven2/org/apache/maven/plugins/maven-compiler-plugin/3.13.0/maven-compiler-plugin-3.13.0.pom
2024-11-15 15:29:19,758 [Worker-5: Creating maven-archetype-quickstart] INFO  o.e.m.c.i.e.AbstractTransferListenerAdapter - Downloading https://repo.maven.apache.org/maven2/org/codehaus/plexus/plexus-java/1.2.0/plexus-java-1.2.0.pom
2024-11-15 15:29:19,764 [Worker-5: Creating maven-archetype-quickstart] INFO  o.e.m.c.i.e.AbstractTransferListenerAdapter - Downloaded https://repo.maven.apache.org/maven2/org/codehaus/plexus/plexus-java/1.2.0/plexus-java-1.2.0.pom
2024-11-15 15:29:19,776 [Worker-5: Creating maven-archetype-quickstart] INFO  o.e.m.c.i.e.AbstractTransferListenerAdapter - Downloading https://repo.maven.apache.org/maven2/org/codehaus/plexus/plexus-languages/1.2.0/plexus-languages-1.2.0.pom
2024-11-15 15:29:19,781 [Worker-5: Creating maven-archetype-quickstart] INFO  o.e.m.c.i.e.AbstractTransferListenerAdapter - Downloaded https://repo.maven.apache.org/maven2/org/codehaus/plexus/plexus-languages/1.2.0/plexus-languages-1.2.0.pom
2024-11-15 15:29:19,792 [Worker-5: Creating maven-archetype-quickstart] INFO  o.e.m.c.i.e.AbstractTransferListenerAdapter - Downloading https://repo.maven.apache.org/maven2/org/codehaus/plexus/plexus/15/plexus-15.pom
2024-11-15 15:29:19,799 [Worker-5: Creating maven-archetype-quickstart] INFO  o.e.m.c.i.e.AbstractTransferListenerAdapter - Downloaded https://repo.maven.apache.org/maven2/org/codehaus/plexus/plexus/15/plexus-15.pom
2024-11-15 15:29:19,811 [Worker-5: Creating maven-archetype-quickstart] INFO  o.e.m.c.i.e.AbstractTransferListenerAdapter - Downloading https://repo.maven.apache.org/maven2/org/junit/junit-bom/5.10.0/junit-bom-5.10.0.pom
2024-11-15 15:29:19,817 [Worker-5: Creating maven-archetype-quickstart] INFO  o.e.m.c.i.e.AbstractTransferListenerAdapter - Downloaded https://repo.maven.apache.org/maven2/org/junit/junit-bom/5.10.0/junit-bom-5.10.0.pom
2024-11-15 15:29:19,832 [Worker-5: Creating maven-archetype-quickstart] INFO  o.e.m.c.i.e.AbstractTransferListenerAdapter - Downloading https://repo.maven.apache.org/maven2/org/ow2/asm/asm/9.6/asm-9.6.pom
2024-11-15 15:29:19,837 [Worker-5: Creating maven-archetype-quickstart] INFO  o.e.m.c.i.e.AbstractTransferListenerAdapter - Downloaded https://repo.maven.apache.org/maven2/org/ow2/asm/asm/9.6/asm-9.6.pom
2024-11-15 15:29:19,859 [Worker-5: Creating maven-archetype-quickstart] INFO  o.e.m.c.i.e.AbstractTransferListenerAdapter - Downloading https://repo.maven.apache.org/maven2/org/codehaus/plexus/plexus-compiler-api/2.15.0/plexus-compiler-api-2.15.0.pom
2024-11-15 15:29:19,864 [Worker-5: Creating maven-archetype-quickstart] INFO  o.e.m.c.i.e.AbstractTransferListenerAdapter - Downloaded https://repo.maven.apache.org/maven2/org/codehaus/plexus/plexus-compiler-api/2.15.0/plexus-compiler-api-2.15.0.pom
2024-11-15 15:29:19,875 [Worker-5: Creating maven-archetype-quickstart] INFO  o.e.m.c.i.e.AbstractTransferListenerAdapter - Downloading https://repo.maven.apache.org/maven2/org/codehaus/plexus/plexus-compiler/2.15.0/plexus-compiler-2.15.0.pom
2024-11-15 15:29:19,881 [Worker-5: Creating maven-archetype-quickstart] INFO  o.e.m.c.i.e.AbstractTransferListenerAdapter - Downloaded https://repo.maven.apache.org/maven2/org/codehaus/plexus/plexus-compiler/2.15.0/plexus-compiler-2.15.0.pom
2024-11-15 15:29:19,898 [Worker-5: Creating maven-archetype-quickstart] INFO  o.e.m.c.i.e.AbstractTransferListenerAdapter - Downloading https://repo.maven.apache.org/maven2/org/codehaus/plexus/plexus-utils/4.0.0/plexus-utils-4.0.0.pom
2024-11-15 15:29:19,904 [Worker-5: Creating maven-archetype-quickstart] INFO  o.e.m.c.i.e.AbstractTransferListenerAdapter - Downloaded https://repo.maven.apache.org/maven2/org/codehaus/plexus/plexus-utils/4.0.0/plexus-utils-4.0.0.pom
2024-11-15 15:29:19,921 [Worker-5: Creating maven-archetype-quickstart] INFO  o.e.m.c.i.e.AbstractTransferListenerAdapter - Downloading https://repo.maven.apache.org/maven2/org/codehaus/plexus/plexus/13/plexus-13.pom
2024-11-15 15:29:19,929 [Worker-5: Creating maven-archetype-quickstart] INFO  o.e.m.c.i.e.AbstractTransferListenerAdapter - Downloaded https://repo.maven.apache.org/maven2/org/codehaus/plexus/plexus/13/plexus-13.pom
2024-11-15 15:29:19,943 [Worker-5: Creating maven-archetype-quickstart] INFO  o.e.m.c.i.e.AbstractTransferListenerAdapter - Downloading https://repo.maven.apache.org/maven2/org/junit/junit-bom/5.9.3/junit-bom-5.9.3.pom
2024-11-15 15:29:19,949 [Worker-5: Creating maven-archetype-quickstart] INFO  o.e.m.c.i.e.AbstractTransferListenerAdapter - Downloaded https://repo.maven.apache.org/maven2/org/junit/junit-bom/5.9.3/junit-bom-5.9.3.pom
2024-11-15 15:29:19,966 [Worker-5: Creating maven-archetype-quickstart] INFO  o.e.m.c.i.e.AbstractTransferListenerAdapter - Downloading https://repo.maven.apache.org/maven2/org/codehaus/plexus/plexus-compiler-manager/2.15.0/plexus-compiler-manager-2.15.0.pom
2024-11-15 15:29:19,973 [Worker-5: Creating maven-archetype-quickstart] INFO  o.e.m.c.i.e.AbstractTransferListenerAdapter - Downloaded https://repo.maven.apache.org/maven2/org/codehaus/plexus/plexus-compiler-manager/2.15.0/plexus-compiler-manager-2.15.0.pom
2024-11-15 15:29:19,988 [Worker-5: Creating maven-archetype-quickstart] INFO  o.e.m.c.i.e.AbstractTransferListenerAdapter - Downloading https://repo.maven.apache.org/maven2/org/codehaus/plexus/plexus-xml/3.0.0/plexus-xml-3.0.0.pom
2024-11-15 15:29:19,995 [Worker-5: Creating maven-archetype-quickstart] INFO  o.e.m.c.i.e.AbstractTransferListenerAdapter - Downloaded https://repo.maven.apache.org/maven2/org/codehaus/plexus/plexus-xml/3.0.0/plexus-xml-3.0.0.pom
2024-11-15 15:29:20,013 [Worker-5: Creating maven-archetype-quickstart] INFO  o.e.m.c.i.e.AbstractTransferListenerAdapter - Downloading https://repo.maven.apache.org/maven2/org/codehaus/plexus/plexus-compiler-javac/2.15.0/plexus-compiler-javac-2.15.0.pom
2024-11-15 15:29:20,020 [Worker-5: Creating maven-archetype-quickstart] INFO  o.e.m.c.i.e.AbstractTransferListenerAdapter - Downloaded https://repo.maven.apache.org/maven2/org/codehaus/plexus/plexus-compiler-javac/2.15.0/plexus-compiler-javac-2.15.0.pom
2024-11-15 15:29:20,032 [Worker-5: Creating maven-archetype-quickstart] INFO  o.e.m.c.i.e.AbstractTransferListenerAdapter - Downloading https://repo.maven.apache.org/maven2/org/codehaus/plexus/plexus-compilers/2.15.0/plexus-compilers-2.15.0.pom
2024-11-15 15:29:20,039 [Worker-5: Creating maven-archetype-quickstart] INFO  o.e.m.c.i.e.AbstractTransferListenerAdapter - Downloaded https://repo.maven.apache.org/maven2/org/codehaus/plexus/plexus-compilers/2.15.0/plexus-compilers-2.15.0.pom
2024-11-15 15:29:20,079 [Worker-5: Creating maven-archetype-quickstart] INFO  o.e.m.c.i.e.AbstractTransferListenerAdapter - Downloading https://repo.maven.apache.org/maven2/org/codehaus/plexus/plexus-java/1.2.0/plexus-java-1.2.0.jar
2024-11-15 15:29:20,089 [Worker-5: Creating maven-archetype-quickstart] INFO  o.e.m.c.i.e.AbstractTransferListenerAdapter - Downloaded https://repo.maven.apache.org/maven2/org/codehaus/plexus/plexus-java/1.2.0/plexus-java-1.2.0.jar
2024-11-15 15:29:20,099 [BasicRepositoryConnector-repo.maven.apache.org-0-1] INFO  o.e.m.c.i.e.AbstractTransferListenerAdapter - Downloading https://repo.maven.apache.org/maven2/org/codehaus/plexus/plexus-compiler-api/2.15.0/plexus-compiler-api-2.15.0.jar
2024-11-15 15:29:20,107 [BasicRepositoryConnector-repo.maven.apache.org-0-1] INFO  o.e.m.c.i.e.AbstractTransferListenerAdapter - Downloaded https://repo.maven.apache.org/maven2/org/codehaus/plexus/plexus-compiler-api/2.15.0/plexus-compiler-api-2.15.0.jar
2024-11-15 15:29:20,112 [BasicRepositoryConnector-repo.maven.apache.org-0-2] INFO  o.e.m.c.i.e.AbstractTransferListenerAdapter - Downloading https://repo.maven.apache.org/maven2/org/codehaus/plexus/plexus-compiler-manager/2.15.0/plexus-compiler-manager-2.15.0.jar
2024-11-15 15:29:20,112 [BasicRepositoryConnector-repo.maven.apache.org-0-1] INFO  o.e.m.c.i.e.AbstractTransferListenerAdapter - Downloading https://repo.maven.apache.org/maven2/org/codehaus/plexus/plexus-utils/4.0.0/plexus-utils-4.0.0.jar
2024-11-15 15:29:20,118 [BasicRepositoryConnector-repo.maven.apache.org-0-0] INFO  o.e.m.c.i.e.AbstractTransferListenerAdapter - Downloading https://repo.maven.apache.org/maven2/org/ow2/asm/asm/9.6/asm-9.6.jar
2024-11-15 15:29:20,119 [BasicRepositoryConnector-repo.maven.apache.org-0-2] INFO  o.e.m.c.i.e.AbstractTransferListenerAdapter - Downloaded https://repo.maven.apache.org/maven2/org/codehaus/plexus/plexus-compiler-manager/2.15.0/plexus-compiler-manager-2.15.0.jar
2024-11-15 15:29:20,120 [BasicRepositoryConnector-repo.maven.apache.org-0-4] INFO  o.e.m.c.i.e.AbstractTransferListenerAdapter - Downloading https://repo.maven.apache.org/maven2/org/codehaus/plexus/plexus-compiler-javac/2.15.0/plexus-compiler-javac-2.15.0.jar
2024-11-15 15:29:20,120 [BasicRepositoryConnector-repo.maven.apache.org-0-3] INFO  o.e.m.c.i.e.AbstractTransferListenerAdapter - Downloading https://repo.maven.apache.org/maven2/org/codehaus/plexus/plexus-xml/3.0.0/plexus-xml-3.0.0.jar
2024-11-15 15:29:20,131 [BasicRepositoryConnector-repo.maven.apache.org-0-4] INFO  o.e.m.c.i.e.AbstractTransferListenerAdapter - Downloaded https://repo.maven.apache.org/maven2/org/codehaus/plexus/plexus-compiler-javac/2.15.0/plexus-compiler-javac-2.15.0.jar
2024-11-15 15:29:20,170 [BasicRepositoryConnector-repo.maven.apache.org-0-1] INFO  o.e.m.c.i.e.AbstractTransferListenerAdapter - Downloaded https://repo.maven.apache.org/maven2/org/codehaus/plexus/plexus-utils/4.0.0/plexus-utils-4.0.0.jar
2024-11-15 15:29:20,170 [BasicRepositoryConnector-repo.maven.apache.org-0-0] INFO  o.e.m.c.i.e.AbstractTransferListenerAdapter - Downloaded https://repo.maven.apache.org/maven2/org/ow2/asm/asm/9.6/asm-9.6.jar
2024-11-15 15:29:20,182 [BasicRepositoryConnector-repo.maven.apache.org-0-3] INFO  o.e.m.c.i.e.AbstractTransferListenerAdapter - Downloaded https://repo.maven.apache.org/maven2/org/codehaus/plexus/plexus-xml/3.0.0/plexus-xml-3.0.0.jar
2024-11-15 15:29:20,312 [Worker-5: Creating maven-archetype-quickstart] INFO  o.e.m.c.i.l.LifecycleMappingFactory - Using org.eclipse.m2e.jdt.JarLifecycleMapping lifecycle mapping for MavenProject: com.maven_project:se:0.0.1-SNAPSHOT @ D:\eclipse-workspace\se\pom.xml.
2024-11-15 15:29:20,329 [Worker-5: Creating maven-archetype-quickstart] INFO  o.e.m.c.i.e.AbstractTransferListenerAdapter - Downloading https://repo.maven.apache.org/maven2/org/junit/jupiter/junit-jupiter-api/5.11.0/junit-jupiter-api-5.11.0.pom
2024-11-15 15:29:20,335 [Worker-5: Creating maven-archetype-quickstart] INFO  o.e.m.c.i.e.AbstractTransferListenerAdapter - Downloaded https://repo.maven.apache.org/maven2/org/junit/jupiter/junit-jupiter-api/5.11.0/junit-jupiter-api-5.11.0.pom
2024-11-15 15:29:20,349 [Worker-5: Creating maven-archetype-quickstart] INFO  o.e.m.c.i.e.AbstractTransferListenerAdapter - Downloading https://repo.maven.apache.org/maven2/org/opentest4j/opentest4j/1.3.0/opentest4j-1.3.0.pom
2024-11-15 15:29:20,356 [Worker-5: Creating maven-archetype-quickstart] INFO  o.e.m.c.i.e.AbstractTransferListenerAdapter - Downloaded https://repo.maven.apache.org/maven2/org/opentest4j/opentest4j/1.3.0/opentest4j-1.3.0.pom
2024-11-15 15:29:20,368 [Worker-5: Creating maven-archetype-quickstart] INFO  o.e.m.c.i.e.AbstractTransferListenerAdapter - Downloading https://repo.maven.apache.org/maven2/org/junit/platform/junit-platform-commons/1.11.0/junit-platform-commons-1.11.0.pom
2024-11-15 15:29:20,374 [Worker-5: Creating maven-archetype-quickstart] INFO  o.e.m.c.i.e.AbstractTransferListenerAdapter - Downloaded https://repo.maven.apache.org/maven2/org/junit/platform/junit-platform-commons/1.11.0/junit-platform-commons-1.11.0.pom
2024-11-15 15:29:20,385 [Worker-5: Creating maven-archetype-quickstart] INFO  o.e.m.c.i.e.AbstractTransferListenerAdapter - Downloading https://repo.maven.apache.org/maven2/org/apiguardian/apiguardian-api/1.1.2/apiguardian-api-1.1.2.pom
2024-11-15 15:29:20,390 [Worker-5: Creating maven-archetype-quickstart] INFO  o.e.m.c.i.e.AbstractTransferListenerAdapter - Downloaded https://repo.maven.apache.org/maven2/org/apiguardian/apiguardian-api/1.1.2/apiguardian-api-1.1.2.pom
2024-11-15 15:29:20,407 [Worker-5: Creating maven-archetype-quickstart] INFO  o.e.m.c.i.e.AbstractTransferListenerAdapter - Downloading https://repo.maven.apache.org/maven2/org/junit/jupiter/junit-jupiter-params/5.11.0/junit-jupiter-params-5.11.0.pom
2024-11-15 15:29:20,412 [Worker-5: Creating maven-archetype-quickstart] INFO  o.e.m.c.i.e.AbstractTransferListenerAdapter - Downloaded https://repo.maven.apache.org/maven2/org/junit/jupiter/junit-jupiter-params/5.11.0/junit-jupiter-params-5.11.0.pom
2024-11-15 15:29:20,427 [Worker-5: Creating maven-archetype-quickstart] INFO  o.e.m.c.i.e.AbstractTransferListenerAdapter - Downloading https://repo.maven.apache.org/maven2/org/junit/jupiter/junit-jupiter-api/5.11.0/junit-jupiter-api-5.11.0.jar
2024-11-15 15:29:20,455 [Worker-5: Creating maven-archetype-quickstart] INFO  o.e.m.c.i.e.AbstractTransferListenerAdapter - Downloaded https://repo.maven.apache.org/maven2/org/junit/jupiter/junit-jupiter-api/5.11.0/junit-jupiter-api-5.11.0.jar
2024-11-15 15:29:20,461 [BasicRepositoryConnector-repo.maven.apache.org-1-0] INFO  o.e.m.c.i.e.AbstractTransferListenerAdapter - Downloading https://repo.maven.apache.org/maven2/org/opentest4j/opentest4j/1.3.0/opentest4j-1.3.0.jar
2024-11-15 15:29:20,461 [BasicRepositoryConnector-repo.maven.apache.org-1-2] INFO  o.e.m.c.i.e.AbstractTransferListenerAdapter - Downloading https://repo.maven.apache.org/maven2/org/apiguardian/apiguardian-api/1.1.2/apiguardian-api-1.1.2.jar
2024-11-15 15:29:20,462 [BasicRepositoryConnector-repo.maven.apache.org-1-1] INFO  o.e.m.c.i.e.AbstractTransferListenerAdapter - Downloading https://repo.maven.apache.org/maven2/org/junit/platform/junit-platform-commons/1.11.0/junit-platform-commons-1.11.0.jar
2024-11-15 15:29:20,464 [BasicRepositoryConnector-repo.maven.apache.org-1-3] INFO  o.e.m.c.i.e.AbstractTransferListenerAdapter - Downloading https://repo.maven.apache.org/maven2/org/junit/jupiter/junit-jupiter-params/5.11.0/junit-jupiter-params-5.11.0.jar
2024-11-15 15:29:20,468 [BasicRepositoryConnector-repo.maven.apache.org-1-2] INFO  o.e.m.c.i.e.AbstractTransferListenerAdapter - Downloaded https://repo.maven.apache.org/maven2/org/apiguardian/apiguardian-api/1.1.2/apiguardian-api-1.1.2.jar
2024-11-15 15:29:20,472 [BasicRepositoryConnector-repo.maven.apache.org-1-0] INFO  o.e.m.c.i.e.AbstractTransferListenerAdapter - Downloaded https://repo.maven.apache.org/maven2/org/opentest4j/opentest4j/1.3.0/opentest4j-1.3.0.jar
2024-11-15 15:29:20,492 [BasicRepositoryConnector-repo.maven.apache.org-1-1] INFO  o.e.m.c.i.e.AbstractTransferListenerAdapter - Downloaded https://repo.maven.apache.org/maven2/org/junit/platform/junit-platform-commons/1.11.0/junit-platform-commons-1.11.0.jar
2024-11-15 15:29:20,605 [BasicRepositoryConnector-repo.maven.apache.org-1-3] INFO  o.e.m.c.i.e.AbstractTransferListenerAdapter - Downloaded https://repo.maven.apache.org/maven2/org/junit/jupiter/junit-jupiter-params/5.11.0/junit-jupiter-params-5.11.0.jar
2024-11-15 15:29:20,662 [Worker-5: Creating maven-archetype-quickstart] INFO  o.e.m.c.i.e.AbstractTransferListenerAdapter - Downloading https://repo.maven.apache.org/maven2/org/apache/maven/plugins/maven-surefire-plugin/3.3.0/maven-surefire-plugin-3.3.0.pom
2024-11-15 15:29:20,668 [Worker-5: Creating maven-archetype-quickstart] INFO  o.e.m.c.i.e.AbstractTransferListenerAdapter - Downloaded https://repo.maven.apache.org/maven2/org/apache/maven/plugins/maven-surefire-plugin/3.3.0/maven-surefire-plugin-3.3.0.pom
2024-11-15 15:29:20,682 [Worker-5: Creating maven-archetype-quickstart] INFO  o.e.m.c.i.e.AbstractTransferListenerAdapter - Downloading https://repo.maven.apache.org/maven2/org/apache/maven/surefire/surefire/3.3.0/surefire-3.3.0.pom
2024-11-15 15:29:20,689 [Worker-5: Creating maven-archetype-quickstart] INFO  o.e.m.c.i.e.AbstractTransferListenerAdapter - Downloaded https://repo.maven.apache.org/maven2/org/apache/maven/surefire/surefire/3.3.0/surefire-3.3.0.pom
2024-11-15 15:29:20,712 [Worker-5: Creating maven-archetype-quickstart] INFO  o.e.m.c.i.e.AbstractTransferListenerAdapter - Downloading https://repo.maven.apache.org/maven2/org/apache/maven/plugins/maven-jar-plugin/3.4.2/maven-jar-plugin-3.4.2.pom
2024-11-15 15:29:20,719 [Worker-5: Creating maven-archetype-quickstart] INFO  o.e.m.c.i.e.AbstractTransferListenerAdapter - Downloaded https://repo.maven.apache.org/maven2/org/apache/maven/plugins/maven-jar-plugin/3.4.2/maven-jar-plugin-3.4.2.pom
2024-11-15 15:29:20,748 [Worker-5: Creating maven-archetype-quickstart] INFO  o.e.m.c.i.e.AbstractTransferListenerAdapter - Downloading https://repo.maven.apache.org/maven2/org/apache/maven/shared/file-management/3.1.0/file-management-3.1.0.pom
2024-11-15 15:29:20,755 [Worker-5: Creating maven-archetype-quickstart] INFO  o.e.m.c.i.e.AbstractTransferListenerAdapter - Downloaded https://repo.maven.apache.org/maven2/org/apache/maven/shared/file-management/3.1.0/file-management-3.1.0.pom
2024-11-15 15:29:20,766 [Worker-5: Creating maven-archetype-quickstart] INFO  o.e.m.c.i.e.AbstractTransferListenerAdapter - Downloading https://repo.maven.apache.org/maven2/org/apache/maven/shared/maven-shared-components/36/maven-shared-components-36.pom
2024-11-15 15:29:20,773 [Worker-5: Creating maven-archetype-quickstart] INFO  o.e.m.c.i.e.AbstractTransferListenerAdapter - Downloaded https://repo.maven.apache.org/maven2/org/apache/maven/shared/maven-shared-components/36/maven-shared-components-36.pom
2024-11-15 15:29:20,797 [Worker-5: Creating maven-archetype-quickstart] INFO  o.e.m.c.i.e.AbstractTransferListenerAdapter - Downloading https://repo.maven.apache.org/maven2/commons-io/commons-io/2.16.1/commons-io-2.16.1.pom
2024-11-15 15:29:20,803 [Worker-5: Creating maven-archetype-quickstart] INFO  o.e.m.c.i.e.AbstractTransferListenerAdapter - Downloaded https://repo.maven.apache.org/maven2/commons-io/commons-io/2.16.1/commons-io-2.16.1.pom
2024-11-15 15:29:20,852 [Worker-5: Creating maven-archetype-quickstart] INFO  o.e.m.c.i.e.AbstractTransferListenerAdapter - Downloading https://repo.maven.apache.org/maven2/org/apache/commons/commons-lang3/3.14.0/commons-lang3-3.14.0.pom
2024-11-15 15:29:20,860 [Worker-5: Creating maven-archetype-quickstart] INFO  o.e.m.c.i.e.AbstractTransferListenerAdapter - Downloaded https://repo.maven.apache.org/maven2/org/apache/commons/commons-lang3/3.14.0/commons-lang3-3.14.0.pom
2024-11-15 15:29:20,871 [Worker-5: Creating maven-archetype-quickstart] INFO  o.e.m.c.i.e.AbstractTransferListenerAdapter - Downloading https://repo.maven.apache.org/maven2/org/apache/commons/commons-parent/64/commons-parent-64.pom
2024-11-15 15:29:20,882 [Worker-5: Creating maven-archetype-quickstart] INFO  o.e.m.c.i.e.AbstractTransferListenerAdapter - Downloaded https://repo.maven.apache.org/maven2/org/apache/commons/commons-parent/64/commons-parent-64.pom
2024-11-15 15:29:20,893 [Worker-5: Creating maven-archetype-quickstart] INFO  o.e.m.c.i.e.AbstractTransferListenerAdapter - Downloading https://repo.maven.apache.org/maven2/org/apache/apache/30/apache-30.pom
2024-11-15 15:29:20,899 [Worker-5: Creating maven-archetype-quickstart] INFO  o.e.m.c.i.e.AbstractTransferListenerAdapter - Downloaded https://repo.maven.apache.org/maven2/org/apache/apache/30/apache-30.pom
2024-11-15 15:29:20,941 [Worker-5: Creating maven-archetype-quickstart] INFO  o.e.m.c.i.e.AbstractTransferListenerAdapter - Downloading https://repo.maven.apache.org/maven2/org/apache/maven/shared/file-management/3.1.0/file-management-3.1.0.jar
2024-11-15 15:29:20,950 [Worker-5: Creating maven-archetype-quickstart] INFO  o.e.m.c.i.e.AbstractTransferListenerAdapter - Downloaded https://repo.maven.apache.org/maven2/org/apache/maven/shared/file-management/3.1.0/file-management-3.1.0.jar
2024-11-15 15:29:20,956 [BasicRepositoryConnector-repo.maven.apache.org-2-0] INFO  o.e.m.c.i.e.AbstractTransferListenerAdapter - Downloading https://repo.maven.apache.org/maven2/commons-io/commons-io/2.16.1/commons-io-2.16.1.jar
2024-11-15 15:29:20,956 [BasicRepositoryConnector-repo.maven.apache.org-2-3] INFO  o.e.m.c.i.e.AbstractTransferListenerAdapter - Downloading https://repo.maven.apache.org/maven2/org/apache/commons/commons-compress/1.26.1/commons-compress-1.26.1.jar
2024-11-15 15:29:20,956 [BasicRepositoryConnector-repo.maven.apache.org-2-2] INFO  o.e.m.c.i.e.AbstractTransferListenerAdapter - Downloading https://repo.maven.apache.org/maven2/org/codehaus/plexus/plexus-io/3.4.2/plexus-io-3.4.2.jar
2024-11-15 15:29:20,957 [BasicRepositoryConnector-repo.maven.apache.org-2-4] INFO  o.e.m.c.i.e.AbstractTransferListenerAdapter - Downloading https://repo.maven.apache.org/maven2/org/apache/commons/commons-lang3/3.14.0/commons-lang3-3.14.0.jar
2024-11-15 15:29:20,962 [BasicRepositoryConnector-repo.maven.apache.org-2-1] INFO  o.e.m.c.i.e.AbstractTransferListenerAdapter - Downloading https://repo.maven.apache.org/maven2/org/codehaus/plexus/plexus-archiver/4.9.2/plexus-archiver-4.9.2.jar
2024-11-15 15:29:21,025 [BasicRepositoryConnector-repo.maven.apache.org-2-2] INFO  o.e.m.c.i.e.AbstractTransferListenerAdapter - Downloaded https://repo.maven.apache.org/maven2/org/codehaus/plexus/plexus-io/3.4.2/plexus-io-3.4.2.jar
2024-11-15 15:29:21,029 [BasicRepositoryConnector-repo.maven.apache.org-2-1] INFO  o.e.m.c.i.e.AbstractTransferListenerAdapter - Downloaded https://repo.maven.apache.org/maven2/org/codehaus/plexus/plexus-archiver/4.9.2/plexus-archiver-4.9.2.jar
2024-11-15 15:29:21,044 [BasicRepositoryConnector-repo.maven.apache.org-2-2] INFO  o.e.m.c.i.e.AbstractTransferListenerAdapter - Downloading https://repo.maven.apache.org/maven2/commons-codec/commons-codec/1.16.1/commons-codec-1.16.1.jar
2024-11-15 15:29:21,049 [BasicRepositoryConnector-repo.maven.apache.org-2-1] INFO  o.e.m.c.i.e.AbstractTransferListenerAdapter - Downloading https://repo.maven.apache.org/maven2/org/iq80/snappy/snappy/0.4/snappy-0.4.jar
2024-11-15 15:29:21,145 [BasicRepositoryConnector-repo.maven.apache.org-2-1] INFO  o.e.m.c.i.e.AbstractTransferListenerAdapter - Downloaded https://repo.maven.apache.org/maven2/org/iq80/snappy/snappy/0.4/snappy-0.4.jar
2024-11-15 15:29:21,158 [BasicRepositoryConnector-repo.maven.apache.org-2-4] INFO  o.e.m.c.i.e.AbstractTransferListenerAdapter - Downloaded https://repo.maven.apache.org/maven2/org/apache/commons/commons-lang3/3.14.0/commons-lang3-3.14.0.jar
2024-11-15 15:29:21,164 [BasicRepositoryConnector-repo.maven.apache.org-2-2] INFO  o.e.m.c.i.e.AbstractTransferListenerAdapter - Downloaded https://repo.maven.apache.org/maven2/commons-codec/commons-codec/1.16.1/commons-codec-1.16.1.jar
2024-11-15 15:29:21,179 [BasicRepositoryConnector-repo.maven.apache.org-2-0] INFO  o.e.m.c.i.e.AbstractTransferListenerAdapter - Downloaded https://repo.maven.apache.org/maven2/commons-io/commons-io/2.16.1/commons-io-2.16.1.jar
2024-11-15 15:29:21,197 [BasicRepositoryConnector-repo.maven.apache.org-2-1] INFO  o.e.m.c.i.e.AbstractTransferListenerAdapter - Downloading https://repo.maven.apache.org/maven2/com/github/luben/zstd-jni/1.5.5-11/zstd-jni-1.5.5-11.jar
2024-11-15 15:29:21,272 [BasicRepositoryConnector-repo.maven.apache.org-2-3] INFO  o.e.m.c.i.e.AbstractTransferListenerAdapter - Downloaded https://repo.maven.apache.org/maven2/org/apache/commons/commons-compress/1.26.1/commons-compress-1.26.1.jar
2024-11-15 15:29:21,945 [BasicRepositoryConnector-repo.maven.apache.org-2-1] INFO  o.e.m.c.i.e.AbstractTransferListenerAdapter - Downloaded https://repo.maven.apache.org/maven2/com/github/luben/zstd-jni/1.5.5-11/zstd-jni-1.5.5-11.jar
2024-11-15 15:29:22,321 [Worker-5: Creating maven-archetype-quickstart] INFO  o.e.m.j.i.AbstractJavaProjectConfigurator - Adding source folder /se/src/main/java
2024-11-15 15:29:22,323 [Worker-5: Creating maven-archetype-quickstart] INFO  o.e.m.j.i.AbstractJavaProjectConfigurator - Adding resource folder /se/src/main/resources
2024-11-15 15:29:22,332 [Worker-5: Creating maven-archetype-quickstart] INFO  o.e.m.j.i.AbstractJavaProjectConfigurator - Adding source folder /se/src/test/java
2024-11-15 15:29:22,333 [Worker-5: Creating maven-archetype-quickstart] INFO  o.e.m.j.i.AbstractJavaProjectConfigurator - Adding resource folder /se/src/test/resources
2024-11-15 15:29:22,642 [Worker-5: Creating maven-archetype-quickstart] INFO  o.e.m.c.i.p.ProjectConfigurationManager - Imported and configured 1 project(s) in 4 sec
2024-11-15 15:29:23,172 [Worker-23: Download sources and javadoc] INFO  o.e.m.c.i.e.AbstractTransferListenerAdapter - Downloading https://repo.maven.apache.org/maven2/org/junit/jupiter/junit-jupiter-api/5.11.0/junit-jupiter-api-5.11.0-sources.jar
2024-11-15 15:29:23,206 [Worker-23: Download sources and javadoc] INFO  o.e.m.c.i.e.AbstractTransferListenerAdapter - Downloaded https://repo.maven.apache.org/maven2/org/junit/jupiter/junit-jupiter-api/5.11.0/junit-jupiter-api-5.11.0-sources.jar
2024-11-15 15:29:23,215 [Worker-23: Download sources and javadoc] INFO  o.e.m.j.internal.DownloadSourcesJob - Downloaded sources for org.junit.jupiter:junit-jupiter-api:5.11.0
2024-11-15 15:29:23,235 [Worker-23: Download sources and javadoc] INFO  o.e.m.c.i.e.AbstractTransferListenerAdapter - Downloading https://repo.maven.apache.org/maven2/org/opentest4j/opentest4j/1.3.0/opentest4j-1.3.0-sources.jar
2024-11-15 15:29:23,244 [Worker-23: Download sources and javadoc] INFO  o.e.m.c.i.e.AbstractTransferListenerAdapter - Downloaded https://repo.maven.apache.org/maven2/org/opentest4j/opentest4j/1.3.0/opentest4j-1.3.0-sources.jar
2024-11-15 15:29:23,251 [Worker-23: Download sources and javadoc] INFO  o.e.m.j.internal.DownloadSourcesJob - Downloaded sources for org.opentest4j:opentest4j:1.3.0
2024-11-15 15:29:23,276 [Worker-23: Download sources and javadoc] INFO  o.e.m.c.i.e.AbstractTransferListenerAdapter - Downloading https://repo.maven.apache.org/maven2/org/junit/platform/junit-platform-commons/1.11.0/junit-platform-commons-1.11.0-sources.jar
2024-11-15 15:29:23,303 [Worker-23: Download sources and javadoc] INFO  o.e.m.c.i.e.AbstractTransferListenerAdapter - Downloaded https://repo.maven.apache.org/maven2/org/junit/platform/junit-platform-commons/1.11.0/junit-platform-commons-1.11.0-sources.jar
2024-11-15 15:29:23,310 [Worker-23: Download sources and javadoc] INFO  o.e.m.j.internal.DownloadSourcesJob - Downloaded sources for org.junit.platform:junit-platform-commons:1.11.0
2024-11-15 15:29:23,336 [Worker-23: Download sources and javadoc] INFO  o.e.m.c.i.e.AbstractTransferListenerAdapter - Downloading https://repo.maven.apache.org/maven2/org/apiguardian/apiguardian-api/1.1.2/apiguardian-api-1.1.2-sources.jar
2024-11-15 15:29:23,344 [Worker-23: Download sources and javadoc] INFO  o.e.m.c.i.e.AbstractTransferListenerAdapter - Downloaded https://repo.maven.apache.org/maven2/org/apiguardian/apiguardian-api/1.1.2/apiguardian-api-1.1.2-sources.jar
2024-11-15 15:29:23,352 [Worker-23: Download sources and javadoc] INFO  o.e.m.j.internal.DownloadSourcesJob - Downloaded sources for org.apiguardian:apiguardian-api:1.1.2
2024-11-15 15:29:23,370 [Worker-23: Download sources and javadoc] INFO  o.e.m.c.i.e.AbstractTransferListenerAdapter - Downloading https://repo.maven.apache.org/maven2/org/junit/jupiter/junit-jupiter-params/5.11.0/junit-jupiter-params-5.11.0-sources.jar
2024-11-15 15:29:23,389 [Worker-23: Download sources and javadoc] INFO  o.e.m.c.i.e.AbstractTransferListenerAdapter - Downloaded https://repo.maven.apache.org/maven2/org/junit/jupiter/junit-jupiter-params/5.11.0/junit-jupiter-params-5.11.0-sources.jar
2024-11-15 15:29:23,395 [Worker-23: Download sources and javadoc] INFO  o.e.m.j.internal.DownloadSourcesJob - Downloaded sources for org.junit.jupiter:junit-jupiter-params:5.11.0
2024-11-15 15:29:23,551 [Worker-14: Building] INFO  o.a.m.s.f.DefaultMavenResourcesFiltering - skip non existing resourceDirectory D:\eclipse-workspace\se\src\main\resources
2024-11-15 15:29:23,556 [Worker-14: Building] INFO  o.a.m.s.f.DefaultMavenResourcesFiltering - skip non existing resourceDirectory D:\eclipse-workspace\se\src\test\resources
